This is pdfTeX, Version 3.14159265-2.6-1.40.19 (MiKTeX 2.9.6630 64-bit) (preloaded format=pdflatex 2018.6.7)  10 JUL 2018 14:08
entering extended mode
**"C:/Users/Miriam Wagner/Desktop/BPI/Miriam2/Assignment2.tex"
("C:/Users/Miriam Wagner/Desktop/BPI/Miriam2/Assignment2.tex"
LaTeX2e <2017-04-15>
Babel <3.18> and hyphenation patterns for 75 language(s) loaded.

("C:\Users\Miriam Wagner\AppData\Local\Programs\MiKTeX 2.9\tex\latex\base\artic
le.cls"
Document Class: article 2014/09/29 v1.4h Standard LaTeX document class

("C:\Users\Miriam Wagner\AppData\Local\Programs\MiKTeX 2.9\tex\latex\base\size1
0.clo"
File: size10.clo 2014/09/29 v1.4h Standard LaTeX file (size option)
)
\c@part=\count79
\c@section=\count80
\c@subsection=\count81
\c@subsubsection=\count82
\c@paragraph=\count83
\c@subparagraph=\count84
\c@figure=\count85
\c@table=\count86
\abovecaptionskip=\skip41
\belowcaptionskip=\skip42
\bibindent=\dimen102
)
("C:\Users\Miriam Wagner\AppData\Local\Programs\MiKTeX 2.9\tex\latex\geometry\g
eometry.sty"
Package: geometry 2010/09/12 v5.6 Page Geometry

("C:\Users\Miriam Wagner\AppData\Local\Programs\MiKTeX 2.9\tex\latex\graphics\k
eyval.sty"
Package: keyval 2014/10/28 v1.15 key=value parser (DPC)
\KV@toks@=\toks14
)
("C:\Users\Miriam Wagner\AppData\Local\Programs\MiKTeX 2.9\tex\generic\oberdiek
\ifpdf.sty"
Package: ifpdf 2017/03/15 v3.2 Provides the ifpdf switch
)
("C:\Users\Miriam Wagner\AppData\Local\Programs\MiKTeX 2.9\tex\generic\oberdiek
\ifvtex.sty"
Package: ifvtex 2016/05/16 v1.6 Detect VTeX and its facilities (HO)
Package ifvtex Info: VTeX not detected.
)
("C:\Users\Miriam Wagner\AppData\Local\Programs\MiKTeX 2.9\tex\generic\ifxetex\
ifxetex.sty"
Package: ifxetex 2010/09/12 v0.6 Provides ifxetex conditional
)
\Gm@cnth=\count87
\Gm@cntv=\count88
\c@Gm@tempcnt=\count89
\Gm@bindingoffset=\dimen103
\Gm@wd@mp=\dimen104
\Gm@odd@mp=\dimen105
\Gm@even@mp=\dimen106
\Gm@layoutwidth=\dimen107
\Gm@layoutheight=\dimen108
\Gm@layouthoffset=\dimen109
\Gm@layoutvoffset=\dimen110
\Gm@dimlist=\toks15

("C:\Users\Miriam Wagner\AppData\Local\Programs\MiKTeX 2.9\tex\latex\geometry\g
eometry.cfg"))
("C:\Users\Miriam Wagner\AppData\Local\Programs\MiKTeX 2.9\tex\latex\base\input
enc.sty"
Package: inputenc 2015/03/17 v1.2c Input encoding file
\inpenc@prehook=\toks16
\inpenc@posthook=\toks17

("C:\Users\Miriam Wagner\AppData\Local\Programs\MiKTeX 2.9\tex\latex\base\latin
1.def"
File: latin1.def 2015/03/17 v1.2c Input encoding file
))
("C:\Users\Miriam Wagner\AppData\Local\Programs\MiKTeX 2.9\tex\latex\base\fonte
nc.sty"
Package: fontenc 2017/04/05 v2.0i Standard LaTeX package

("C:\Users\Miriam Wagner\AppData\Local\Programs\MiKTeX 2.9\tex\latex\base\t1enc
.def"
File: t1enc.def 2017/04/05 v2.0i Standard LaTeX file
LaTeX Font Info:    Redeclaring font encoding T1 on input line 48.
))
("C:\Users\Miriam Wagner\AppData\Local\Programs\MiKTeX 2.9\tex\generic\babel\ba
bel.sty"
Package: babel 2018/02/14 3.18 The Babel package

("C:\Users\Miriam Wagner\AppData\Local\Programs\MiKTeX 2.9\tex\generic\babel\sw
itch.def"
File: switch.def 2018/02/14 3.18 Babel switching mechanism
)
*************************************
* Local config file bblopts.cfg used
*

("C:\Users\Miriam Wagner\AppData\Local\Programs\MiKTeX 2.9\tex\latex\arabi\bblo
pts.cfg"
File: bblopts.cfg 2005/09/08 v0.1 add Arabic and Farsi to "declared" options of
 babel
)
("C:\Users\Miriam Wagner\AppData\Local\Programs\MiKTeX 2.9\tex\latex\babel-engl
ish\english.ldf"
Language: english 2017/06/06 v3.3r English support from the babel system

("C:\Users\Miriam Wagner\AppData\Local\Programs\MiKTeX 2.9\tex\generic\babel\ba
bel.def"
File: babel.def 2018/02/14 3.18 Babel common definitions
\babel@savecnt=\count90
\U@D=\dimen111

("C:\Users\Miriam Wagner\AppData\Local\Programs\MiKTeX 2.9\tex\generic\babel\tx
tbabel.def")
\bbl@dirlevel=\count91
)
\l@canadian = a dialect from \language\l@american 
\l@australian = a dialect from \language\l@british 
\l@newzealand = a dialect from \language\l@british 
))
("C:\Users\Miriam Wagner\AppData\Local\Programs\MiKTeX 2.9\tex\latex\amsfonts\a
msfonts.sty"
Package: amsfonts 2013/01/14 v3.01 Basic AMSFonts support
\@emptytoks=\toks18
\symAMSa=\mathgroup4
\symAMSb=\mathgroup5
LaTeX Font Info:    Overwriting math alphabet `\mathfrak' in version `bold'
(Font)                  U/euf/m/n --> U/euf/b/n on input line 106.
)
("C:\Users\Miriam Wagner\AppData\Local\Programs\MiKTeX 2.9\tex\latex\amsmath\am
smath.sty"
Package: amsmath 2017/09/02 v2.17a AMS math features
\@mathmargin=\skip43

For additional information on amsmath, use the `?' option.

("C:\Users\Miriam Wagner\AppData\Local\Programs\MiKTeX 2.9\tex\latex\amsmath\am
stext.sty"
Package: amstext 2000/06/29 v2.01 AMS text

("C:\Users\Miriam Wagner\AppData\Local\Programs\MiKTeX 2.9\tex\latex\amsmath\am
sgen.sty"
File: amsgen.sty 1999/11/30 v2.0 generic functions
\@emptytoks=\toks19
\ex@=\dimen112
))
("C:\Users\Miriam Wagner\AppData\Local\Programs\MiKTeX 2.9\tex\latex\amsmath\am
sbsy.sty"
Package: amsbsy 1999/11/29 v1.2d Bold Symbols
\pmbraise@=\dimen113
)
("C:\Users\Miriam Wagner\AppData\Local\Programs\MiKTeX 2.9\tex\latex\amsmath\am
sopn.sty"
Package: amsopn 2016/03/08 v2.02 operator names
)
\inf@bad=\count92
LaTeX Info: Redefining \frac on input line 213.
\uproot@=\count93
\leftroot@=\count94
LaTeX Info: Redefining \overline on input line 375.
\classnum@=\count95
\DOTSCASE@=\count96
LaTeX Info: Redefining \ldots on input line 472.
LaTeX Info: Redefining \dots on input line 475.
LaTeX Info: Redefining \cdots on input line 596.
\Mathstrutbox@=\box26
\strutbox@=\box27
\big@size=\dimen114
LaTeX Font Info:    Redeclaring font encoding OML on input line 712.
LaTeX Font Info:    Redeclaring font encoding OMS on input line 713.
\macc@depth=\count97
\c@MaxMatrixCols=\count98
\dotsspace@=\muskip10
\c@parentequation=\count99
\dspbrk@lvl=\count100
\tag@help=\toks20
\row@=\count101
\column@=\count102
\maxfields@=\count103
\andhelp@=\toks21
\eqnshift@=\dimen115
\alignsep@=\dimen116
\tagshift@=\dimen117
\tagwidth@=\dimen118
\totwidth@=\dimen119
\lineht@=\dimen120
\@envbody=\toks22
\multlinegap=\skip44
\multlinetaggap=\skip45
\mathdisplay@stack=\toks23
LaTeX Info: Redefining \[ on input line 2817.
LaTeX Info: Redefining \] on input line 2818.
)
("C:\Users\Miriam Wagner\AppData\Local\Programs\MiKTeX 2.9\tex\latex\amscls\ams
thm.sty"
Package: amsthm 2017/10/31 v2.20.4
\thm@style=\toks24
\thm@bodyfont=\toks25
\thm@headfont=\toks26
\thm@notefont=\toks27
\thm@headpunct=\toks28
\thm@preskip=\skip46
\thm@postskip=\skip47
\thm@headsep=\skip48
\dth@everypar=\toks29
)
("C:\Users\Miriam Wagner\AppData\Local\Programs\MiKTeX 2.9\tex\latex\amsfonts\a
mssymb.sty"
Package: amssymb 2013/01/14 v3.01 AMS font symbols
)
("C:\Users\Miriam Wagner\AppData\Local\Programs\MiKTeX 2.9\tex\latex\mathabx\ma
thabx.sty"
Package: mathabx 2003/07/29 v0.0 Non-standard LaTeX package mathabx
\symmatha=\mathgroup6
\symmathb=\mathgroup7
\symmathx=\mathgroup8

("C:\Users\Miriam Wagner\AppData\Local\Programs\MiKTeX 2.9\tex\generic\mathabx\
mathabx.dcl"
LaTeX Font Info:    Redeclaring math symbol \cdotp on input line 25.
LaTeX Font Info:    Redeclaring math symbol \times on input line 33.
LaTeX Font Info:    Redeclaring math symbol \div on input line 34.
LaTeX Font Info:    Redeclaring math symbol \cdot on input line 35.
LaTeX Font Info:    Redeclaring math symbol \circ on input line 36.
LaTeX Font Info:    Redeclaring math symbol \ast on input line 38.
LaTeX Font Info:    Redeclaring math symbol \pm on input line 41.
LaTeX Font Info:    Redeclaring math symbol \mp on input line 42.
LaTeX Font Info:    Redeclaring math symbol \ltimes on input line 43.
LaTeX Font Info:    Redeclaring math symbol \rtimes on input line 44.
LaTeX Font Info:    Redeclaring math symbol \diamond on input line 45.
LaTeX Font Info:    Redeclaring math symbol \bullet on input line 46.
LaTeX Font Info:    Redeclaring math symbol \star on input line 47.
LaTeX Font Info:    Redeclaring math symbol \amalg on input line 51.
LaTeX Font Info:    Redeclaring math symbol \dotplus on input line 58.
LaTeX Font Info:    Redeclaring math symbol \square on input line 63.
LaTeX Font Info:    Redeclaring math symbol \divideontimes on input line 71.
LaTeX Font Info:    Redeclaring math symbol \bigstar on input line 75.
LaTeX Font Info:    Redeclaring math symbol \equiv on input line 83.
LaTeX Font Info:    Redeclaring math symbol \sim on input line 84.
LaTeX Font Info:    Redeclaring math symbol \approx on input line 85.
LaTeX Font Info:    Redeclaring math symbol \simeq on input line 86.
LaTeX Font Info:    Redeclaring math symbol \asymp on input line 89.
LaTeX Font Info:    Redeclaring math symbol \nsim on input line 97.
LaTeX Font Info:    Redeclaring math symbol \ncong on input line 100.
LaTeX Font Info:    Redeclaring math symbol \risingdotseq on input line 118.
LaTeX Font Info:    Redeclaring math symbol \fallingdotseq on input line 119.
LaTeX Font Info:    Redeclaring math symbol \circeq on input line 125.
LaTeX Font Info:    Redeclaring math symbol \eqcirc on input line 126.
LaTeX Font Info:    Redeclaring math symbol \triangleq on input line 127.
LaTeX Font Info:    Redeclaring math symbol \neg on input line 134.
LaTeX Font Info:    Redeclaring math symbol \ll on input line 136.
LaTeX Font Info:    Redeclaring math symbol \gg on input line 137.
LaTeX Font Info:    Redeclaring math symbol \vdash on input line 139.
LaTeX Font Info:    Redeclaring math symbol \dashv on input line 140.
LaTeX Font Info:    Redeclaring math symbol \nvdash on input line 141.
LaTeX Font Info:    Redeclaring math symbol \vDash on input line 143.
LaTeX Font Info:    Redeclaring math symbol \nvDash on input line 145.
LaTeX Font Info:    Redeclaring math symbol \Vdash on input line 147.
LaTeX Font Info:    Redeclaring math symbol \nVdash on input line 149.
LaTeX Font Info:    Redeclaring math symbol \flat on input line 158.
LaTeX Font Info:    Redeclaring math symbol \natural on input line 159.
LaTeX Font Info:    Redeclaring math symbol \sharp on input line 160.
LaTeX Font Info:    Redeclaring math symbol \infty on input line 161.
LaTeX Font Info:    Redeclaring math symbol \propto on input line 162.
LaTeX Font Info:    Redeclaring math symbol \dagger on input line 163.
LaTeX Font Info:    Redeclaring math symbol \ddagger on input line 164.
LaTeX Font Info:    Redeclaring math symbol \between on input line 170.
LaTeX Font Info:    Redeclaring math symbol \smile on input line 171.
LaTeX Font Info:    Redeclaring math symbol \frown on input line 172.
LaTeX Font Info:    Redeclaring math symbol \leftthreetimes on input line 174.
LaTeX Font Info:    Redeclaring math symbol \rightthreetimes on input line 175.

LaTeX Font Info:    Redeclaring math symbol \pitchfork on input line 176.
LaTeX Font Info:    Redeclaring math symbol \nVDash on input line 182.
LaTeX Font Info:    Redeclaring math symbol \Vvdash on input line 184.
LaTeX Font Info:    Redeclaring math symbol \therefore on input line 189.
LaTeX Font Info:    Redeclaring math symbol \because on input line 190.
LaTeX Font Info:    Redeclaring math symbol \measuredangle on input line 202.
LaTeX Font Info:    Redeclaring math symbol \sphericalangle on input line 203.
LaTeX Font Info:    Redeclaring math symbol \setminus on input line 218.
LaTeX Font Info:    Redeclaring math symbol \mid on input line 222.
LaTeX Font Info:    Redeclaring math symbol \forall on input line 279.
LaTeX Font Info:    Redeclaring math symbol \complement on input line 280.
LaTeX Font Info:    Redeclaring math symbol \partial on input line 281.
LaTeX Font Info:    Redeclaring math symbol \exists on input line 284.
LaTeX Font Info:    Redeclaring math symbol \nexists on input line 285.
LaTeX Font Info:    Redeclaring math symbol \Finv on input line 286.
LaTeX Font Info:    Redeclaring math symbol \Game on input line 287.
LaTeX Font Info:    Redeclaring math symbol \emptyset on input line 288.
LaTeX Font Info:    Redeclaring math symbol \top on input line 290.
LaTeX Font Info:    Redeclaring math symbol \bot on input line 291.
LaTeX Font Info:    Redeclaring math symbol \perp on input line 292.
LaTeX Font Info:    Redeclaring math symbol \curlywedge on input line 296.
LaTeX Font Info:    Redeclaring math symbol \curlyvee on input line 297.
LaTeX Font Info:    Redeclaring math symbol \in on input line 299.
LaTeX Font Info:    Redeclaring math symbol \owns on input line 300.
LaTeX Font Info:    Redeclaring math symbol \cap on input line 312.
LaTeX Font Info:    Redeclaring math symbol \cup on input line 313.
LaTeX Font Info:    Redeclaring math symbol \uplus on input line 314.
LaTeX Font Info:    Redeclaring math symbol \sqcap on input line 315.
LaTeX Font Info:    Redeclaring math symbol \sqcup on input line 316.
LaTeX Font Info:    Redeclaring math symbol \wedge on input line 318.
LaTeX Font Info:    Redeclaring math symbol \vee on input line 320.
LaTeX Font Info:    Redeclaring math symbol \barwedge on input line 327.
LaTeX Font Info:    Redeclaring math symbol \veebar on input line 328.
LaTeX Font Info:    Redeclaring math symbol \doublebarwedge on input line 329.
LaTeX Font Info:    Redeclaring math symbol \doublecap on input line 331.
LaTeX Font Info:    Redeclaring math symbol \doublecup on input line 333.
LaTeX Font Info:    Redeclaring math symbol \subset on input line 344.
LaTeX Font Info:    Redeclaring math symbol \supset on input line 345.
LaTeX Font Info:    Redeclaring math symbol \subseteq on input line 348.
LaTeX Font Info:    Redeclaring math symbol \supseteq on input line 349.
LaTeX Font Info:    Redeclaring math symbol \nsubseteq on input line 350.
LaTeX Font Info:    Redeclaring math symbol \nsupseteq on input line 351.
LaTeX Font Info:    Redeclaring math symbol \subsetneq on input line 352.
LaTeX Font Info:    Redeclaring math symbol \supsetneq on input line 353.
LaTeX Font Info:    Redeclaring math symbol \varsubsetneq on input line 354.
LaTeX Font Info:    Redeclaring math symbol \varsupsetneq on input line 355.
LaTeX Font Info:    Redeclaring math symbol \subseteqq on input line 357.
LaTeX Font Info:    Redeclaring math symbol \supseteqq on input line 358.
LaTeX Font Info:    Redeclaring math symbol \nsubseteqq on input line 359.
LaTeX Font Info:    Redeclaring math symbol \nsupseteqq on input line 360.
LaTeX Font Info:    Redeclaring math symbol \subsetneqq on input line 361.
LaTeX Font Info:    Redeclaring math symbol \supsetneqq on input line 362.
LaTeX Font Info:    Redeclaring math symbol \varsubsetneqq on input line 363.
LaTeX Font Info:    Redeclaring math symbol \varsupsetneqq on input line 364.
LaTeX Font Info:    Redeclaring math symbol \Subset on input line 366.
LaTeX Font Info:    Redeclaring math symbol \Supset on input line 367.
LaTeX Font Info:    Redeclaring math symbol \sqsubseteq on input line 380.
LaTeX Font Info:    Redeclaring math symbol \sqsupseteq on input line 381.
LaTeX Font Info:    Redeclaring math symbol \triangleleft on input line 407.
LaTeX Font Info:    Redeclaring math symbol \vartriangleleft on input line 408.

LaTeX Font Info:    Redeclaring math symbol \triangleright on input line 409.
LaTeX Font Info:    Redeclaring math symbol \vartriangleright on input line 410
.
LaTeX Font Info:    Redeclaring math symbol \ntriangleleft on input line 411.
LaTeX Font Info:    Redeclaring math symbol \ntriangleright on input line 412.
LaTeX Font Info:    Redeclaring math symbol \trianglelefteq on input line 413.
LaTeX Font Info:    Redeclaring math symbol \trianglerighteq on input line 414.

LaTeX Font Info:    Redeclaring math symbol \ntrianglelefteq on input line 415.

LaTeX Font Info:    Redeclaring math symbol \ntrianglerighteq on input line 416
.
LaTeX Font Info:    Redeclaring math symbol \blacktriangledown on input line 42
7.
LaTeX Font Info:    Redeclaring math symbol \blacktriangleleft on input line 42
8.
LaTeX Font Info:    Redeclaring math symbol \blacktriangleright on input line 4
29.
LaTeX Font Info:    Redeclaring math symbol \nless on input line 437.
LaTeX Font Info:    Redeclaring math symbol \ngtr on input line 438.
LaTeX Font Info:    Redeclaring math symbol \leq on input line 439.
LaTeX Font Info:    Redeclaring math symbol \geq on input line 441.
LaTeX Font Info:    Redeclaring math symbol \nleq on input line 443.
LaTeX Font Info:    Redeclaring math symbol \ngeq on input line 445.
LaTeX Font Info:    Redeclaring math symbol \lneq on input line 451.
LaTeX Font Info:    Redeclaring math symbol \gneq on input line 452.
LaTeX Font Info:    Redeclaring math symbol \leqq on input line 453.
LaTeX Font Info:    Redeclaring math symbol \geqq on input line 454.
LaTeX Font Info:    Redeclaring math symbol \nleqq on input line 455.
LaTeX Font Info:    Redeclaring math symbol \ngeqq on input line 456.
LaTeX Font Info:    Redeclaring math symbol \lneqq on input line 457.
LaTeX Font Info:    Redeclaring math symbol \gneqq on input line 458.
LaTeX Font Info:    Redeclaring math symbol \lvertneqq on input line 459.
LaTeX Font Info:    Redeclaring math symbol \gvertneqq on input line 460.
LaTeX Font Info:    Redeclaring math symbol \eqslantless on input line 461.
LaTeX Font Info:    Redeclaring math symbol \eqslantgtr on input line 462.
LaTeX Font Info:    Redeclaring math symbol \lessgtr on input line 465.
LaTeX Font Info:    Redeclaring math symbol \gtrless on input line 466.
LaTeX Font Info:    Redeclaring math symbol \lesseqgtr on input line 467.
LaTeX Font Info:    Redeclaring math symbol \gtreqless on input line 468.
LaTeX Font Info:    Redeclaring math symbol \lesseqqgtr on input line 469.
LaTeX Font Info:    Redeclaring math symbol \gtreqqless on input line 470.
LaTeX Font Info:    Redeclaring math symbol \lesssim on input line 472.
LaTeX Font Info:    Redeclaring math symbol \gtrsim on input line 473.
LaTeX Font Info:    Redeclaring math symbol \lnsim on input line 476.
LaTeX Font Info:    Redeclaring math symbol \gnsim on input line 477.
LaTeX Font Info:    Redeclaring math symbol \lessapprox on input line 478.
LaTeX Font Info:    Redeclaring math symbol \gtrapprox on input line 479.
LaTeX Font Info:    Redeclaring math symbol \lnapprox on input line 482.
LaTeX Font Info:    Redeclaring math symbol \gnapprox on input line 483.
LaTeX Font Info:    Redeclaring math symbol \lessdot on input line 485.
LaTeX Font Info:    Redeclaring math symbol \gtrdot on input line 486.
LaTeX Font Info:    Redeclaring math symbol \lll on input line 488.
LaTeX Font Info:    Redeclaring math symbol \ggg on input line 489.
LaTeX Font Info:    Redeclaring math symbol \prec on input line 498.
LaTeX Font Info:    Redeclaring math symbol \succ on input line 499.
LaTeX Font Info:    Redeclaring math symbol \nprec on input line 500.
LaTeX Font Info:    Redeclaring math symbol \nsucc on input line 501.
LaTeX Font Info:    Redeclaring math symbol \preccurlyeq on input line 502.
LaTeX Font Info:    Redeclaring math symbol \succcurlyeq on input line 503.
LaTeX Font Info:    Redeclaring math symbol \preceq on input line 506.
LaTeX Font Info:    Redeclaring math symbol \succeq on input line 507.
LaTeX Font Info:    Redeclaring math symbol \npreceq on input line 508.
LaTeX Font Info:    Redeclaring math symbol \nsucceq on input line 509.
LaTeX Font Info:    Redeclaring math symbol \curlyeqprec on input line 512.
LaTeX Font Info:    Redeclaring math symbol \curlyeqsucc on input line 513.
LaTeX Font Info:    Redeclaring math symbol \precsim on input line 517.
LaTeX Font Info:    Redeclaring math symbol \succsim on input line 518.
LaTeX Font Info:    Redeclaring math symbol \precnsim on input line 521.
LaTeX Font Info:    Redeclaring math symbol \succnsim on input line 522.
LaTeX Font Info:    Redeclaring math symbol \precapprox on input line 523.
LaTeX Font Info:    Redeclaring math symbol \succapprox on input line 524.
LaTeX Font Info:    Redeclaring math symbol \precnapprox on input line 527.
LaTeX Font Info:    Redeclaring math symbol \succnapprox on input line 528.
LaTeX Font Info:    Redeclaring math symbol \leftarrow on input line 540.
LaTeX Font Info:    Redeclaring math symbol \rightarrow on input line 542.
LaTeX Font Info:    Redeclaring math symbol \nwarrow on input line 546.
LaTeX Font Info:    Redeclaring math symbol \nearrow on input line 547.
LaTeX Font Info:    Redeclaring math symbol \swarrow on input line 548.
LaTeX Font Info:    Redeclaring math symbol \searrow on input line 549.
LaTeX Font Info:    Redeclaring math symbol \leftrightarrow on input line 550.
LaTeX Font Info:    Redeclaring math symbol \nleftarrow on input line 552.
LaTeX Font Info:    Redeclaring math symbol \nrightarrow on input line 553.
LaTeX Font Info:    Redeclaring math symbol \nleftrightarrow on input line 554.

LaTeX Font Info:    Redeclaring math symbol \mapstochar on input line 557.
LaTeX Font Info:    Redeclaring math symbol \leftharpoonup on input line 560.
LaTeX Font Info:    Redeclaring math symbol \rightharpoonup on input line 561.
LaTeX Font Info:    Redeclaring math symbol \leftharpoondown on input line 562.

LaTeX Font Info:    Redeclaring math symbol \rightharpoondown on input line 563
.
LaTeX Font Info:    Redeclaring math symbol \upharpoonleft on input line 564.
LaTeX Font Info:    Redeclaring math symbol \downharpoonleft on input line 565.

LaTeX Font Info:    Redeclaring math symbol \upharpoonright on input line 566.
LaTeX Font Info:    Redeclaring math symbol \restriction on input line 567.
LaTeX Font Info:    Redeclaring math symbol \downharpoonright on input line 568
.
LaTeX Font Info:    Redeclaring math symbol \leftrightharpoons on input line 56
9.
LaTeX Font Info:    Redeclaring math symbol \Leftarrow on input line 575.
LaTeX Font Info:    Redeclaring math symbol \Rightarrow on input line 576.
LaTeX Font Info:    Redeclaring math symbol \Leftrightarrow on input line 579.
LaTeX Font Info:    Redeclaring math symbol \nLeftarrow on input line 581.
LaTeX Font Info:    Redeclaring math symbol \nRightarrow on input line 582.
LaTeX Font Info:    Redeclaring math symbol \nLeftrightarrow on input line 583.

LaTeX Font Info:    Redeclaring math symbol \leftleftarrows on input line 593.
LaTeX Font Info:    Redeclaring math symbol \rightrightarrows on input line 594
.
LaTeX Font Info:    Redeclaring math symbol \upuparrows on input line 595.
LaTeX Font Info:    Redeclaring math symbol \downdownarrows on input line 596.
LaTeX Font Info:    Redeclaring math symbol \leftrightarrows on input line 597.

LaTeX Font Info:    Redeclaring math symbol \rightleftarrows on input line 598.

LaTeX Font Info:    Redeclaring math symbol \rhook on input line 612.
LaTeX Font Info:    Redeclaring math symbol \lhook on input line 613.
LaTeX Font Info:    Redeclaring math symbol \diagup on input line 614.
LaTeX Font Info:    Redeclaring math symbol \diagdown on input line 615.
LaTeX Font Info:    Redeclaring math symbol \Lsh on input line 617.
LaTeX Font Info:    Redeclaring math symbol \Rsh on input line 619.
LaTeX Font Info:    Redeclaring math symbol \looparrowleft on input line 624.
LaTeX Font Info:    Redeclaring math symbol \looparrowright on input line 626.
LaTeX Font Info:    Redeclaring math symbol \curvearrowleft on input line 631.
LaTeX Font Info:    Redeclaring math symbol \curvearrowright on input line 633.

LaTeX Font Info:    Redeclaring math symbol \circlearrowleft on input line 641.

LaTeX Font Info:    Redeclaring math symbol \circlearrowright on input line 642
.
LaTeX Font Info:    Redeclaring math symbol \rightsquigarrow on input line 645.

LaTeX Font Info:    Redeclaring math symbol \leftrightsquigarrow on input line 
646.
LaTeX Font Info:    Redeclaring math symbol \oplus on input line 658.
LaTeX Font Info:    Redeclaring math symbol \ominus on input line 659.
LaTeX Font Info:    Redeclaring math symbol \otimes on input line 661.
LaTeX Font Info:    Redeclaring math symbol \odot on input line 663.
LaTeX Font Info:    Redeclaring math symbol \oslash on input line 675.
LaTeX Font Info:    Redeclaring math symbol \boxplus on input line 683.
LaTeX Font Info:    Redeclaring math symbol \boxminus on input line 684.
LaTeX Font Info:    Redeclaring math symbol \boxtimes on input line 686.
LaTeX Font Info:    Redeclaring math symbol \boxdot on input line 688.
\mayacnter=\count104
\mayacnta=\count105
\mayacntb=\count106
\mayacntc=\count107
\mayawidth=\dimen121
LaTeX Font Info:    Redeclaring math symbol \intop on input line 753.
LaTeX Font Info:    Redeclaring math symbol \ointop on input line 760.
LaTeX Font Info:    Redeclaring math delimiter \lbrace on input line 842.
LaTeX Info: Redefining \{ on input line 846.
LaTeX Font Info:    Redeclaring math delimiter \rbrace on input line 848.
LaTeX Info: Redefining \} on input line 852.
LaTeX Font Info:    Redeclaring math delimiter \langle on input line 858.
LaTeX Font Info:    Redeclaring math delimiter \rangle on input line 859.
LaTeX Font Info:    Redeclaring math delimiter \vert on input line 863.
LaTeX Font Info:    Redeclaring math delimiter \Vert on input line 865.
LaTeX Font Info:    Redeclaring math delimiter \uparrow on input line 868.
LaTeX Font Info:    Redeclaring math delimiter \downarrow on input line 869.
LaTeX Font Info:    Redeclaring math delimiter \updownarrow on input line 870.
LaTeX Font Info:    Redeclaring math delimiter \Uparrow on input line 871.
LaTeX Font Info:    Redeclaring math delimiter \Downarrow on input line 872.
LaTeX Font Info:    Redeclaring math delimiter \Updownarrow on input line 873.
LaTeX Font Info:    Redeclaring math delimiter \lgroup on input line 880.
LaTeX Font Info:    Redeclaring math delimiter \rgroup on input line 881.
LaTeX Font Info:    Redeclaring math delimiter \lceil on input line 882.
LaTeX Font Info:    Redeclaring math delimiter \rceil on input line 883.
LaTeX Font Info:    Redeclaring math delimiter \lfloor on input line 884.
LaTeX Font Info:    Redeclaring math delimiter \rfloor on input line 885.
LaTeX Font Info:    Redeclaring math symbol \braceld on input line 903.
LaTeX Font Info:    Redeclaring math symbol \bracerd on input line 905.
LaTeX Font Info:    Redeclaring math symbol \bracelu on input line 907.
LaTeX Font Info:    Redeclaring math symbol \braceru on input line 909.
LaTeX Font Info:    Redeclaring math accent \widehat on input line 944.
LaTeX Font Info:    Redeclaring math accent \widetilde on input line 946.
))
("C:\Users\Miriam Wagner\AppData\Local\Programs\MiKTeX 2.9\tex\latex\paralist\p
aralist.sty"
Package: paralist 2017/01/22 v2.7 Extended list environments
\pltopsep=\skip49
\plpartopsep=\skip50
\plitemsep=\skip51
\plparsep=\skip52
\pl@lab=\toks30
)
("C:\Users\Miriam Wagner\AppData\Local\Programs\MiKTeX 2.9\tex\latex\pgf\fronte
ndlayer\tikz.sty"
("C:\Users\Miriam Wagner\AppData\Local\Programs\MiKTeX 2.9\tex\latex\pgf\basicl
ayer\pgf.sty"
("C:\Users\Miriam Wagner\AppData\Local\Programs\MiKTeX 2.9\tex\latex\pgf\utilit
ies\pgfrcs.sty"
("C:\Users\Miriam Wagner\AppData\Local\Programs\MiKTeX 2.9\tex\generic\pgf\util
ities\pgfutil-common.tex"
\pgfutil@everybye=\toks31
\pgfutil@tempdima=\dimen122
\pgfutil@tempdimb=\dimen123

("C:\Users\Miriam Wagner\AppData\Local\Programs\MiKTeX 2.9\tex\generic\pgf\util
ities\pgfutil-common-lists.tex"))
("C:\Users\Miriam Wagner\AppData\Local\Programs\MiKTeX 2.9\tex\generic\pgf\util
ities\pgfutil-latex.def"
\pgfutil@abb=\box28

("C:\Users\Miriam Wagner\AppData\Local\Programs\MiKTeX 2.9\tex\latex\ms\everysh
i.sty"
Package: everyshi 2001/05/15 v3.00 EveryShipout Package (MS)
))
("C:\Users\Miriam Wagner\AppData\Local\Programs\MiKTeX 2.9\tex\generic\pgf\util
ities\pgfrcs.code.tex"
Package: pgfrcs 2015/08/07 v3.0.1a (rcs-revision 1.31)
))
Package: pgf 2015/08/07 v3.0.1a (rcs-revision 1.15)

("C:\Users\Miriam Wagner\AppData\Local\Programs\MiKTeX 2.9\tex\latex\pgf\basicl
ayer\pgfcore.sty"
("C:\Users\Miriam Wagner\AppData\Local\Programs\MiKTeX 2.9\tex\latex\graphics\g
raphicx.sty"
Package: graphicx 2017/06/01 v1.1a Enhanced LaTeX Graphics (DPC,SPQR)

("C:\Users\Miriam Wagner\AppData\Local\Programs\MiKTeX 2.9\tex\latex\graphics\g
raphics.sty"
Package: graphics 2017/06/25 v1.2c Standard LaTeX Graphics (DPC,SPQR)

("C:\Users\Miriam Wagner\AppData\Local\Programs\MiKTeX 2.9\tex\latex\graphics\t
rig.sty"
Package: trig 2016/01/03 v1.10 sin cos tan (DPC)
)
("C:\Users\Miriam Wagner\AppData\Local\Programs\MiKTeX 2.9\tex\latex\graphics-c
fg\graphics.cfg"
File: graphics.cfg 2016/06/04 v1.11 sample graphics configuration
)
Package graphics Info: Driver file: pdftex.def on input line 99.

("C:\Users\Miriam Wagner\AppData\Local\Programs\MiKTeX 2.9\tex\latex\graphics-d
ef\pdftex.def"
File: pdftex.def 2018/01/08 v1.0l Graphics/color driver for pdftex
))
\Gin@req@height=\dimen124
\Gin@req@width=\dimen125
)
("C:\Users\Miriam Wagner\AppData\Local\Programs\MiKTeX 2.9\tex\latex\pgf\system
layer\pgfsys.sty"
("C:\Users\Miriam Wagner\AppData\Local\Programs\MiKTeX 2.9\tex\generic\pgf\syst
emlayer\pgfsys.code.tex"
Package: pgfsys 2014/07/09 v3.0.1a (rcs-revision 1.48)

("C:\Users\Miriam Wagner\AppData\Local\Programs\MiKTeX 2.9\tex\generic\pgf\util
ities\pgfkeys.code.tex"
\pgfkeys@pathtoks=\toks32
\pgfkeys@temptoks=\toks33

("C:\Users\Miriam Wagner\AppData\Local\Programs\MiKTeX 2.9\tex\generic\pgf\util
ities\pgfkeysfiltered.code.tex"
\pgfkeys@tmptoks=\toks34
))
\pgf@x=\dimen126
\pgf@y=\dimen127
\pgf@xa=\dimen128
\pgf@ya=\dimen129
\pgf@xb=\dimen130
\pgf@yb=\dimen131
\pgf@xc=\dimen132
\pgf@yc=\dimen133
\w@pgf@writea=\write3
\r@pgf@reada=\read1
\c@pgf@counta=\count108
\c@pgf@countb=\count109
\c@pgf@countc=\count110
\c@pgf@countd=\count111
\t@pgf@toka=\toks35
\t@pgf@tokb=\toks36
\t@pgf@tokc=\toks37

("C:\Users\Miriam Wagner\AppData\Local\Programs\MiKTeX 2.9\tex\generic\pgf\syst
emlayer\pgf.cfg"
File: pgf.cfg 2008/05/14  (rcs-revision 1.7)
)
Driver file for pgf: pgfsys-pdftex.def

("C:\Users\Miriam Wagner\AppData\Local\Programs\MiKTeX 2.9\tex\generic\pgf\syst
emlayer\pgfsys-pdftex.def"
File: pgfsys-pdftex.def 2014/10/11  (rcs-revision 1.35)

("C:\Users\Miriam Wagner\AppData\Local\Programs\MiKTeX 2.9\tex\generic\pgf\syst
emlayer\pgfsys-common-pdf.def"
File: pgfsys-common-pdf.def 2013/10/10  (rcs-revision 1.13)
)))
("C:\Users\Miriam Wagner\AppData\Local\Programs\MiKTeX 2.9\tex\generic\pgf\syst
emlayer\pgfsyssoftpath.code.tex"
File: pgfsyssoftpath.code.tex 2013/09/09  (rcs-revision 1.9)
\pgfsyssoftpath@smallbuffer@items=\count112
\pgfsyssoftpath@bigbuffer@items=\count113
)
("C:\Users\Miriam Wagner\AppData\Local\Programs\MiKTeX 2.9\tex\generic\pgf\syst
emlayer\pgfsysprotocol.code.tex"
File: pgfsysprotocol.code.tex 2006/10/16  (rcs-revision 1.4)
))
("C:\Users\Miriam Wagner\AppData\Local\Programs\MiKTeX 2.9\tex\latex\xcolor\xco
lor.sty"
Package: xcolor 2016/05/11 v2.12 LaTeX color extensions (UK)

("C:\Users\Miriam Wagner\AppData\Local\Programs\MiKTeX 2.9\tex\latex\graphics-c
fg\color.cfg"
File: color.cfg 2016/01/02 v1.6 sample color configuration
)
Package xcolor Info: Driver file: pdftex.def on input line 225.
Package xcolor Info: Model `cmy' substituted by `cmy0' on input line 1348.
Package xcolor Info: Model `hsb' substituted by `rgb' on input line 1352.
Package xcolor Info: Model `RGB' extended on input line 1364.
Package xcolor Info: Model `HTML' substituted by `rgb' on input line 1366.
Package xcolor Info: Model `Hsb' substituted by `hsb' on input line 1367.
Package xcolor Info: Model `tHsb' substituted by `hsb' on input line 1368.
Package xcolor Info: Model `HSB' substituted by `hsb' on input line 1369.
Package xcolor Info: Model `Gray' substituted by `gray' on input line 1370.
Package xcolor Info: Model `wave' substituted by `hsb' on input line 1371.
)
("C:\Users\Miriam Wagner\AppData\Local\Programs\MiKTeX 2.9\tex\generic\pgf\basi
clayer\pgfcore.code.tex"
Package: pgfcore 2010/04/11 v3.0.1a (rcs-revision 1.7)

("C:\Users\Miriam Wagner\AppData\Local\Programs\MiKTeX 2.9\tex\generic\pgf\math
\pgfmath.code.tex"
("C:\Users\Miriam Wagner\AppData\Local\Programs\MiKTeX 2.9\tex\generic\pgf\math
\pgfmathcalc.code.tex"
("C:\Users\Miriam Wagner\AppData\Local\Programs\MiKTeX 2.9\tex\generic\pgf\math
\pgfmathutil.code.tex")
("C:\Users\Miriam Wagner\AppData\Local\Programs\MiKTeX 2.9\tex\generic\pgf\math
\pgfmathparser.code.tex"
\pgfmath@dimen=\dimen134
\pgfmath@count=\count114
\pgfmath@box=\box29
\pgfmath@toks=\toks38
\pgfmath@stack@operand=\toks39
\pgfmath@stack@operation=\toks40
)
("C:\Users\Miriam Wagner\AppData\Local\Programs\MiKTeX 2.9\tex\generic\pgf\math
\pgfmathfunctions.code.tex"
("C:\Users\Miriam Wagner\AppData\Local\Programs\MiKTeX 2.9\tex\generic\pgf\math
\pgfmathfunctions.basic.code.tex")
("C:\Users\Miriam Wagner\AppData\Local\Programs\MiKTeX 2.9\tex\generic\pgf\math
\pgfmathfunctions.trigonometric.code.tex")
("C:\Users\Miriam Wagner\AppData\Local\Programs\MiKTeX 2.9\tex\generic\pgf\math
\pgfmathfunctions.random.code.tex")
("C:\Users\Miriam Wagner\AppData\Local\Programs\MiKTeX 2.9\tex\generic\pgf\math
\pgfmathfunctions.comparison.code.tex")
("C:\Users\Miriam Wagner\AppData\Local\Programs\MiKTeX 2.9\tex\generic\pgf\math
\pgfmathfunctions.base.code.tex")
("C:\Users\Miriam Wagner\AppData\Local\Programs\MiKTeX 2.9\tex\generic\pgf\math
\pgfmathfunctions.round.code.tex")
("C:\Users\Miriam Wagner\AppData\Local\Programs\MiKTeX 2.9\tex\generic\pgf\math
\pgfmathfunctions.misc.code.tex")
("C:\Users\Miriam Wagner\AppData\Local\Programs\MiKTeX 2.9\tex\generic\pgf\math
\pgfmathfunctions.integerarithmetics.code.tex")))
("C:\Users\Miriam Wagner\AppData\Local\Programs\MiKTeX 2.9\tex\generic\pgf\math
\pgfmathfloat.code.tex"
\c@pgfmathroundto@lastzeros=\count115
))
("C:\Users\Miriam Wagner\AppData\Local\Programs\MiKTeX 2.9\tex\generic\pgf\basi
clayer\pgfcorepoints.code.tex"
File: pgfcorepoints.code.tex 2013/10/07  (rcs-revision 1.27)
\pgf@picminx=\dimen135
\pgf@picmaxx=\dimen136
\pgf@picminy=\dimen137
\pgf@picmaxy=\dimen138
\pgf@pathminx=\dimen139
\pgf@pathmaxx=\dimen140
\pgf@pathminy=\dimen141
\pgf@pathmaxy=\dimen142
\pgf@xx=\dimen143
\pgf@xy=\dimen144
\pgf@yx=\dimen145
\pgf@yy=\dimen146
\pgf@zx=\dimen147
\pgf@zy=\dimen148
)
("C:\Users\Miriam Wagner\AppData\Local\Programs\MiKTeX 2.9\tex\generic\pgf\basi
clayer\pgfcorepathconstruct.code.tex"
File: pgfcorepathconstruct.code.tex 2013/10/07  (rcs-revision 1.29)
\pgf@path@lastx=\dimen149
\pgf@path@lasty=\dimen150
)
("C:\Users\Miriam Wagner\AppData\Local\Programs\MiKTeX 2.9\tex\generic\pgf\basi
clayer\pgfcorepathusage.code.tex"
File: pgfcorepathusage.code.tex 2014/11/02  (rcs-revision 1.24)
\pgf@shorten@end@additional=\dimen151
\pgf@shorten@start@additional=\dimen152
)
("C:\Users\Miriam Wagner\AppData\Local\Programs\MiKTeX 2.9\tex\generic\pgf\basi
clayer\pgfcorescopes.code.tex"
File: pgfcorescopes.code.tex 2015/05/08  (rcs-revision 1.46)
\pgfpic=\box30
\pgf@hbox=\box31
\pgf@layerbox@main=\box32
\pgf@picture@serial@count=\count116
)
("C:\Users\Miriam Wagner\AppData\Local\Programs\MiKTeX 2.9\tex\generic\pgf\basi
clayer\pgfcoregraphicstate.code.tex"
File: pgfcoregraphicstate.code.tex 2014/11/02  (rcs-revision 1.12)
\pgflinewidth=\dimen153
)
("C:\Users\Miriam Wagner\AppData\Local\Programs\MiKTeX 2.9\tex\generic\pgf\basi
clayer\pgfcoretransformations.code.tex"
File: pgfcoretransformations.code.tex 2015/08/07  (rcs-revision 1.20)
\pgf@pt@x=\dimen154
\pgf@pt@y=\dimen155
\pgf@pt@temp=\dimen156
)
("C:\Users\Miriam Wagner\AppData\Local\Programs\MiKTeX 2.9\tex\generic\pgf\basi
clayer\pgfcorequick.code.tex"
File: pgfcorequick.code.tex 2008/10/09  (rcs-revision 1.3)
)
("C:\Users\Miriam Wagner\AppData\Local\Programs\MiKTeX 2.9\tex\generic\pgf\basi
clayer\pgfcoreobjects.code.tex"
File: pgfcoreobjects.code.tex 2006/10/11  (rcs-revision 1.2)
)
("C:\Users\Miriam Wagner\AppData\Local\Programs\MiKTeX 2.9\tex\generic\pgf\basi
clayer\pgfcorepathprocessing.code.tex"
File: pgfcorepathprocessing.code.tex 2013/09/09  (rcs-revision 1.9)
)
("C:\Users\Miriam Wagner\AppData\Local\Programs\MiKTeX 2.9\tex\generic\pgf\basi
clayer\pgfcorearrows.code.tex"
File: pgfcorearrows.code.tex 2015/05/14  (rcs-revision 1.43)
\pgfarrowsep=\dimen157
)
("C:\Users\Miriam Wagner\AppData\Local\Programs\MiKTeX 2.9\tex\generic\pgf\basi
clayer\pgfcoreshade.code.tex"
File: pgfcoreshade.code.tex 2013/07/15  (rcs-revision 1.15)
\pgf@max=\dimen158
\pgf@sys@shading@range@num=\count117
)
("C:\Users\Miriam Wagner\AppData\Local\Programs\MiKTeX 2.9\tex\generic\pgf\basi
clayer\pgfcoreimage.code.tex"
File: pgfcoreimage.code.tex 2013/07/15  (rcs-revision 1.18)

("C:\Users\Miriam Wagner\AppData\Local\Programs\MiKTeX 2.9\tex\generic\pgf\basi
clayer\pgfcoreexternal.code.tex"
File: pgfcoreexternal.code.tex 2014/07/09  (rcs-revision 1.21)
\pgfexternal@startupbox=\box33
))
("C:\Users\Miriam Wagner\AppData\Local\Programs\MiKTeX 2.9\tex\generic\pgf\basi
clayer\pgfcorelayers.code.tex"
File: pgfcorelayers.code.tex 2013/07/18  (rcs-revision 1.7)
)
("C:\Users\Miriam Wagner\AppData\Local\Programs\MiKTeX 2.9\tex\generic\pgf\basi
clayer\pgfcoretransparency.code.tex"
File: pgfcoretransparency.code.tex 2013/09/30  (rcs-revision 1.5)
)
("C:\Users\Miriam Wagner\AppData\Local\Programs\MiKTeX 2.9\tex\generic\pgf\basi
clayer\pgfcorepatterns.code.tex"
File: pgfcorepatterns.code.tex 2013/11/07  (rcs-revision 1.5)
)))
("C:\Users\Miriam Wagner\AppData\Local\Programs\MiKTeX 2.9\tex\generic\pgf\modu
les\pgfmoduleshapes.code.tex"
File: pgfmoduleshapes.code.tex 2014/03/21  (rcs-revision 1.35)
\pgfnodeparttextbox=\box34
)
("C:\Users\Miriam Wagner\AppData\Local\Programs\MiKTeX 2.9\tex\generic\pgf\modu
les\pgfmoduleplot.code.tex"
File: pgfmoduleplot.code.tex 2015/08/03  (rcs-revision 1.13)
)
("C:\Users\Miriam Wagner\AppData\Local\Programs\MiKTeX 2.9\tex\latex\pgf\compat
ibility\pgfcomp-version-0-65.sty"
Package: pgfcomp-version-0-65 2007/07/03 v3.0.1a (rcs-revision 1.7)
\pgf@nodesepstart=\dimen159
\pgf@nodesepend=\dimen160
)
("C:\Users\Miriam Wagner\AppData\Local\Programs\MiKTeX 2.9\tex\latex\pgf\compat
ibility\pgfcomp-version-1-18.sty"
Package: pgfcomp-version-1-18 2007/07/23 v3.0.1a (rcs-revision 1.1)
))
("C:\Users\Miriam Wagner\AppData\Local\Programs\MiKTeX 2.9\tex\latex\pgf\utilit
ies\pgffor.sty"
("C:\Users\Miriam Wagner\AppData\Local\Programs\MiKTeX 2.9\tex\latex\pgf\utilit
ies\pgfkeys.sty"
("C:\Users\Miriam Wagner\AppData\Local\Programs\MiKTeX 2.9\tex\generic\pgf\util
ities\pgfkeys.code.tex"))
("C:\Users\Miriam Wagner\AppData\Local\Programs\MiKTeX 2.9\tex\latex\pgf\math\p
gfmath.sty"
("C:\Users\Miriam Wagner\AppData\Local\Programs\MiKTeX 2.9\tex\generic\pgf\math
\pgfmath.code.tex"))
("C:\Users\Miriam Wagner\AppData\Local\Programs\MiKTeX 2.9\tex\generic\pgf\util
ities\pgffor.code.tex"
Package: pgffor 2013/12/13 v3.0.1a (rcs-revision 1.25)

("C:\Users\Miriam Wagner\AppData\Local\Programs\MiKTeX 2.9\tex\generic\pgf\math
\pgfmath.code.tex")
\pgffor@iter=\dimen161
\pgffor@skip=\dimen162
\pgffor@stack=\toks41
\pgffor@toks=\toks42
))
("C:\Users\Miriam Wagner\AppData\Local\Programs\MiKTeX 2.9\tex\generic\pgf\fron
tendlayer\tikz\tikz.code.tex"
Package: tikz 2015/08/07 v3.0.1a (rcs-revision 1.151)

("C:\Users\Miriam Wagner\AppData\Local\Programs\MiKTeX 2.9\tex\generic\pgf\libr
aries\pgflibraryplothandlers.code.tex"
File: pgflibraryplothandlers.code.tex 2013/08/31 v3.0.1a (rcs-revision 1.20)
\pgf@plot@mark@count=\count118
\pgfplotmarksize=\dimen163
)
\tikz@lastx=\dimen164
\tikz@lasty=\dimen165
\tikz@lastxsaved=\dimen166
\tikz@lastysaved=\dimen167
\tikzleveldistance=\dimen168
\tikzsiblingdistance=\dimen169
\tikz@figbox=\box35
\tikz@figbox@bg=\box36
\tikz@tempbox=\box37
\tikz@tempbox@bg=\box38
\tikztreelevel=\count119
\tikznumberofchildren=\count120
\tikznumberofcurrentchild=\count121
\tikz@fig@count=\count122

("C:\Users\Miriam Wagner\AppData\Local\Programs\MiKTeX 2.9\tex\generic\pgf\modu
les\pgfmodulematrix.code.tex"
File: pgfmodulematrix.code.tex 2013/09/17  (rcs-revision 1.8)
\pgfmatrixcurrentrow=\count123
\pgfmatrixcurrentcolumn=\count124
\pgf@matrix@numberofcolumns=\count125
)
\tikz@expandcount=\count126

("C:\Users\Miriam Wagner\AppData\Local\Programs\MiKTeX 2.9\tex\generic\pgf\fron
tendlayer\tikz\libraries\tikzlibrarytopaths.code.tex"
File: tikzlibrarytopaths.code.tex 2008/06/17 v3.0.1a (rcs-revision 1.2)
)))
("C:\Users\Miriam Wagner\AppData\Local\Programs\MiKTeX 2.9\tex\latex\forest\for
est.sty"
Package: forest 2017/07/14 v2.1.5 Drawing (linguistic) trees

("C:\Users\Miriam Wagner\AppData\Local\Programs\MiKTeX 2.9\tex\generic\pgf\fron
tendlayer\tikz\libraries\tikzlibraryshapes.code.tex"
File: tikzlibraryshapes.code.tex 2008/01/09 v3.0.1a (rcs-revision 1.1)

("C:\Users\Miriam Wagner\AppData\Local\Programs\MiKTeX 2.9\tex\generic\pgf\fron
tendlayer\tikz\libraries\tikzlibraryshapes.geometric.code.tex"
File: tikzlibraryshapes.geometric.code.tex 2008/01/09 v3.0.1a (rcs-revision 1.1
)

("C:\Users\Miriam Wagner\AppData\Local\Programs\MiKTeX 2.9\tex\generic\pgf\libr
aries\shapes\pgflibraryshapes.geometric.code.tex"
File: pgflibraryshapes.geometric.code.tex 2008/06/26 v3.0.1a (rcs-revision 1.1)

))
("C:\Users\Miriam Wagner\AppData\Local\Programs\MiKTeX 2.9\tex\generic\pgf\fron
tendlayer\tikz\libraries\tikzlibraryshapes.misc.code.tex"
File: tikzlibraryshapes.misc.code.tex 2008/01/09 v3.0.1a (rcs-revision 1.1)

("C:\Users\Miriam Wagner\AppData\Local\Programs\MiKTeX 2.9\tex\generic\pgf\libr
aries\shapes\pgflibraryshapes.misc.code.tex"
File: pgflibraryshapes.misc.code.tex 2013/07/18 v3.0.1a (rcs-revision 1.5)
))
("C:\Users\Miriam Wagner\AppData\Local\Programs\MiKTeX 2.9\tex\generic\pgf\fron
tendlayer\tikz\libraries\tikzlibraryshapes.symbols.code.tex"
File: tikzlibraryshapes.symbols.code.tex 2008/01/09 v3.0.1a (rcs-revision 1.1)

("C:\Users\Miriam Wagner\AppData\Local\Programs\MiKTeX 2.9\tex\generic\pgf\libr
aries\shapes\pgflibraryshapes.symbols.code.tex"
File: pgflibraryshapes.symbols.code.tex 2013/09/11 v3.0.1a (rcs-revision 1.6)
))
("C:\Users\Miriam Wagner\AppData\Local\Programs\MiKTeX 2.9\tex\generic\pgf\fron
tendlayer\tikz\libraries\tikzlibraryshapes.arrows.code.tex"
File: tikzlibraryshapes.arrows.code.tex 2008/01/09 v3.0.1a (rcs-revision 1.1)

("C:\Users\Miriam Wagner\AppData\Local\Programs\MiKTeX 2.9\tex\generic\pgf\libr
aries\shapes\pgflibraryshapes.arrows.code.tex"
File: pgflibraryshapes.arrows.code.tex 2008/06/26 v3.0.1a (rcs-revision 1.1)
))
("C:\Users\Miriam Wagner\AppData\Local\Programs\MiKTeX 2.9\tex\generic\pgf\fron
tendlayer\tikz\libraries\tikzlibraryshapes.callouts.code.tex"
("C:\Users\Miriam Wagner\AppData\Local\Programs\MiKTeX 2.9\tex\generic\pgf\libr
aries\shapes\pgflibraryshapes.callouts.code.tex"))
("C:\Users\Miriam Wagner\AppData\Local\Programs\MiKTeX 2.9\tex\generic\pgf\fron
tendlayer\tikz\libraries\tikzlibraryshapes.multipart.code.tex"
File: tikzlibraryshapes.multipart.code.tex 2008/01/09 v3.0.1a (rcs-revision 1.1
)

("C:\Users\Miriam Wagner\AppData\Local\Programs\MiKTeX 2.9\tex\generic\pgf\libr
aries\shapes\pgflibraryshapes.multipart.code.tex"
File: pgflibraryshapes.multipart.code.tex 2010/01/07 v3.0.1a (rcs-revision 1.2)

\pgfnodepartlowerbox=\box39
\pgfnodeparttwobox=\box40
\pgfnodepartthreebox=\box41
\pgfnodepartfourbox=\box42
\pgfnodeparttwentybox=\box43
\pgfnodepartnineteenbox=\box44
\pgfnodeparteighteenbox=\box45
\pgfnodepartseventeenbox=\box46
\pgfnodepartsixteenbox=\box47
\pgfnodepartfifteenbox=\box48
\pgfnodepartfourteenbox=\box49
\pgfnodepartthirteenbox=\box50
\pgfnodeparttwelvebox=\box51
\pgfnodepartelevenbox=\box52
\pgfnodeparttenbox=\box53
\pgfnodepartninebox=\box54
\pgfnodeparteightbox=\box55
\pgfnodepartsevenbox=\box56
\pgfnodepartsixbox=\box57
\pgfnodepartfivebox=\box58
)))
("C:\Users\Miriam Wagner\AppData\Local\Programs\MiKTeX 2.9\tex\generic\pgf\fron
tendlayer\tikz\libraries\tikzlibraryfit.code.tex"
File: tikzlibraryfit.code.tex 2013/07/12 v3.0.1a (rcs-revision 1.5)
)
("C:\Users\Miriam Wagner\AppData\Local\Programs\MiKTeX 2.9\tex\generic\pgf\fron
tendlayer\tikz\libraries\tikzlibrarycalc.code.tex"
File: tikzlibrarycalc.code.tex 2013/07/15 v3.0.1a (rcs-revision 1.9)
)
("C:\Users\Miriam Wagner\AppData\Local\Programs\MiKTeX 2.9\tex\generic\pgf\libr
aries\pgflibraryintersections.code.tex"
("C:\Users\Miriam Wagner\AppData\Local\Programs\MiKTeX 2.9\tex\generic\pgf\libr
aries\pgflibraryfpu.code.tex")
\pgf@intersect@solutions=\count127
)
("C:\Users\Miriam Wagner\AppData\Local\Programs\MiKTeX 2.9\tex\latex\pgfopts\pg
fopts.sty"
Package: pgfopts 2014/07/10 v2.1a LaTeX package options with pgfkeys
\pgfopts@list@add@a@toks=\toks43
\pgfopts@list@add@b@toks=\toks44
)
("C:\Users\Miriam Wagner\AppData\Local\Programs\MiKTeX 2.9\tex\latex\etoolbox\e
toolbox.sty"
Package: etoolbox 2018/02/11 v2.5e e-TeX tools for LaTeX (JAW)
\etb@tempcnta=\count128
)
("C:\Users\Miriam Wagner\AppData\Local\Programs\MiKTeX 2.9\tex\latex\elocalloc\
elocalloc.sty"
Package: elocalloc 2016/12/15 v0.03 local allocation for LaTeX 2015+ (DPC)
)
("C:\Users\Miriam Wagner\AppData\Local\Programs\MiKTeX 2.9\tex\latex\environ\en
viron.sty"
Package: environ 2014/05/04 v0.3 A new way to define environments

("C:\Users\Miriam Wagner\AppData\Local\Programs\MiKTeX 2.9\tex\latex\trimspaces
\trimspaces.sty"
Package: trimspaces 2009/09/17 v1.1 Trim spaces around a token list
))
("C:\Users\Miriam Wagner\AppData\Local\Programs\MiKTeX 2.9\tex\latex\l3packages
\xparse\xparse.sty"
("C:\Users\Miriam Wagner\AppData\Local\Programs\MiKTeX 2.9\tex\latex\l3kernel\e
xpl3.sty"
Package: expl3 2018-06-14 L3 programming layer (loader) 

("C:\Users\Miriam Wagner\AppData\Local\Programs\MiKTeX 2.9\tex\latex\l3kernel\e
xpl3-code.tex"
Package: expl3 2018-06-14 L3 programming layer (code)
\c_max_int=\count129
\l_tmpa_int=\count130
\l_tmpb_int=\count131
\g_tmpa_int=\count132
\g_tmpb_int=\count133
\g__kernel_prg_map_int=\count134
\c_log_iow=\count135
\l_iow_line_count_int=\count136
\l__iow_line_target_int=\count137
\l__iow_one_indent_int=\count138
\l__iow_indent_int=\count139
\c_zero_dim=\dimen170
\c_max_dim=\dimen171
\l_tmpa_dim=\dimen172
\l_tmpb_dim=\dimen173
\g_tmpa_dim=\dimen174
\g_tmpb_dim=\dimen175
\c_zero_skip=\skip53
\c_max_skip=\skip54
\l_tmpa_skip=\skip55
\l_tmpb_skip=\skip56
\g_tmpa_skip=\skip57
\g_tmpb_skip=\skip58
\c_zero_muskip=\muskip11
\c_max_muskip=\muskip12
\l_tmpa_muskip=\muskip13
\l_tmpb_muskip=\muskip14
\g_tmpa_muskip=\muskip15
\g_tmpb_muskip=\muskip16
\l_keys_choice_int=\count140
\l__intarray_loop_int=\count141
\c__intarray_sp_dim=\dimen176
\g__intarray_font_int=\count142
\c__fp_leading_shift_int=\count143
\c__fp_middle_shift_int=\count144
\c__fp_trailing_shift_int=\count145
\c__fp_big_leading_shift_int=\count146
\c__fp_big_middle_shift_int=\count147
\c__fp_big_trailing_shift_int=\count148
\c__fp_Bigg_leading_shift_int=\count149
\c__fp_Bigg_middle_shift_int=\count150
\c__fp_Bigg_trailing_shift_int=\count151
\c__kernel_randint_max_int=\count152
\g__fp_array_int=\count153
\l__fp_array_loop_int=\count154
\l__sort_length_int=\count155
\l__sort_min_int=\count156
\l__sort_top_int=\count157
\l__sort_max_int=\count158
\l__sort_true_max_int=\count159
\l__sort_block_int=\count160
\l__sort_begin_int=\count161
\l__sort_end_int=\count162
\l__sort_A_int=\count163
\l__sort_B_int=\count164
\l__sort_C_int=\count165
\l__tl_analysis_normal_int=\count166
\l__tl_analysis_index_int=\count167
\l__tl_analysis_nesting_int=\count168
\l__tl_analysis_type_int=\count169
\l__regex_internal_a_int=\count170
\l__regex_internal_b_int=\count171
\l__regex_internal_c_int=\count172
\l__regex_balance_int=\count173
\l__regex_group_level_int=\count174
\l__regex_mode_int=\count175
\c__regex_cs_in_class_mode_int=\count176
\c__regex_cs_mode_int=\count177
\l__regex_catcodes_int=\count178
\l__regex_default_catcodes_int=\count179
\c__regex_catcode_D_int=\count180
\c__regex_catcode_S_int=\count181
\c__regex_catcode_L_int=\count182
\c__regex_catcode_O_int=\count183
\c__regex_catcode_A_int=\count184
\c__regex_all_catcodes_int=\count185
\l__regex_show_lines_int=\count186
\l__regex_min_state_int=\count187
\l__regex_max_state_int=\count188
\l__regex_left_state_int=\count189
\l__regex_right_state_int=\count190
\l__regex_capturing_group_int=\count191
\l__regex_min_pos_int=\count192
\l__regex_max_pos_int=\count193
\l__regex_curr_pos_int=\count194
\l__regex_start_pos_int=\count195
\l__regex_success_pos_int=\count196
\l__regex_curr_char_int=\count197
\l__regex_curr_catcode_int=\count198
\l__regex_last_char_int=\count199
\l__regex_case_changed_char_int=\count266
\l__regex_curr_state_int=\count267
\l__regex_step_int=\count268
\l__regex_min_active_int=\count269
\l__regex_max_active_int=\count270
\l__regex_replacement_csnames_int=\count271
\l__regex_match_count_int=\count272
\l__regex_min_submatch_int=\count273
\l__regex_submatch_int=\count274
\l__regex_zeroth_submatch_int=\count275
\g__regex_trace_regex_int=\count276
\c_empty_box=\box59
\l_tmpa_box=\box60
\l_tmpb_box=\box61
\g_tmpa_box=\box62
\g_tmpb_box=\box63
\l__box_top_dim=\dimen177
\l__box_bottom_dim=\dimen178
\l__box_left_dim=\dimen179
\l__box_right_dim=\dimen180
\l__box_top_new_dim=\dimen181
\l__box_bottom_new_dim=\dimen182
\l__box_left_new_dim=\dimen183
\l__box_right_new_dim=\dimen184
\l__box_internal_box=\box64
\l__coffin_internal_box=\box65
\l__coffin_internal_dim=\dimen185
\l__coffin_offset_x_dim=\dimen186
\l__coffin_offset_y_dim=\dimen187
\l__coffin_x_dim=\dimen188
\l__coffin_y_dim=\dimen189
\l__coffin_x_prime_dim=\dimen190
\l__coffin_y_prime_dim=\dimen191
\c_empty_coffin=\box66
\l__coffin_aligned_coffin=\box67
\l__coffin_aligned_internal_coffin=\box68
\l_tmpa_coffin=\box69
\l_tmpb_coffin=\box70
\l__coffin_display_coffin=\box71
\l__coffin_display_coord_coffin=\box72
\l__coffin_display_pole_coffin=\box73
\l__coffin_display_offset_dim=\dimen192
\l__coffin_display_x_dim=\dimen193
\l__coffin_display_y_dim=\dimen194
\g__file_internal_ior=\read2
\l__coffin_bounding_shift_dim=\dimen195
\l__coffin_left_corner_dim=\dimen196
\l__coffin_right_corner_dim=\dimen197
\l__coffin_bottom_corner_dim=\dimen198
\l__coffin_top_corner_dim=\dimen199
\l__coffin_scaled_total_height_dim=\dimen256
\l__coffin_scaled_width_dim=\dimen257
\l__seq_internal_a_int=\count277
\l__seq_internal_b_int=\count278
)
("C:\Users\Miriam Wagner\AppData\Local\Programs\MiKTeX 2.9\tex\latex\l3kernel\l
3pdfmode.def"
File: l3pdfmode.def 2018-06-14 v L3 Experimental driver: PDF mode
\l__driver_color_stack_int=\count279
))
Package: xparse 2018-05-12 L3 Experimental document command parser
\l__xparse_current_arg_int=\count280
\g__xparse_grabber_int=\count281
\l__xparse_m_args_int=\count282
\l__xparse_mandatory_args_int=\count283
\l__xparse_v_nesting_int=\count284
)
("C:\Users\Miriam Wagner\AppData\Local\Programs\MiKTeX 2.9\tex\latex\inlinedef\
inlinedef.sty"
Package: inlinedef 2008/07/10 v1.0 Inlined expansions within definitions
\ID@toks=\toks45
\ID@count=\count285
)
\ID@usercommands=\toks46
.................................................
. LaTeX info: "xparse/define-command"
. 
. Defining command \useforestlibrary with sig. 's O{} m' on line 166.
.................................................
.................................................
. LaTeX info: "xparse/define-command"
. 
. Defining command \ProvidesForestLibrary with sig. 'm O{}' on line 176.
.................................................
\safeloop@depth=\count286
\safeRKloop@depth=\count287
\forest@temp@dimen=\dimen258
\forest@temp@count=\count288
\forest@n=\count289
\forest@temp@global@count=\count290
\forest@temp@toks=\toks47
\forest@temparray@M=\count291
\forest@temparray@N=\count292
\forest@global@temparray@M=\count293
\forest@global@temparray@N=\count294
\forest@isnum@count=\count295
\forest@isdim@nonintpart=\count296
\forest@isdim@dimen=\dimen259
\forest@sort@m=\count297
\forest@sort@k=\count298
\forest@sort@p=\count299
\bracket@content=\toks48
\bracket@afterthought=\toks49
\forest@node@maxid=\count300
.................................................
. LaTeX info: "xparse/define-command"
. 
. Defining command \forestdebugtypeouttrees with sig. 'o' on line 2303.
.................................................
.................................................
. LaTeX info: "xparse/define-command"
. 
. Defining command \forestdebugtypeouttree with sig. 'd() O{\forest@cn }' on
. line 2348.
.................................................
\forest@process@left@M=\count301
\forest@process@left@N=\count302
\forest@process@right@M=\count303
\forest@process@right@N=\count304
\forest@process@saved@M=\count305
\forest@process@saved@N=\count306
\forest@process@result@M=\count307
\forest@process@result@N=\count308
\forest@process@n=\count309
\forest@nodewalk@branch@toks=\toks50
\forest@nodewalk@shortsteps@resolution=\toks51
\forest@do@dynamics=\toks52
\forest@box=\box74
\forest@xg=\dimen260
\forest@yg=\dimen261
\forest@xs=\dimen262
\forest@ys=\dimen263
\forest@pi@toks=\toks53
\forest@segment@toks=\toks54
\forest@PIi@toks=\toks55
\forest@PIii@toks=\toks56
\forest@copy@in=\read3
\forest@copy@out=\write4
.................................................
. LaTeX info: "xparse/define-environment"
. 
. Defining environment 'forest' with sig. 'D(){}' on line 8510.
.................................................
.................................................
. LaTeX info: "xparse/define-command"
. 
. Defining command \Forest with sig. 's D(){} m' on line 8515.
.................................................
\forest@externalize@max@outer@n=\count310
\forest@externalize@inner@n=\count311
)
("C:\Users\Miriam Wagner\AppData\Local\Programs\MiKTeX 2.9\tex\generic\pgf\fron
tendlayer\tikz\libraries\tikzlibraryarrows.code.tex"
File: tikzlibraryarrows.code.tex 2008/01/09 v3.0.1a (rcs-revision 1.1)

("C:\Users\Miriam Wagner\AppData\Local\Programs\MiKTeX 2.9\tex\generic\pgf\libr
aries\pgflibraryarrows.code.tex"
File: pgflibraryarrows.code.tex 2013/09/23 v3.0.1a (rcs-revision 1.16)
\arrowsize=\dimen264
))
("C:\Users\Miriam Wagner\AppData\Local\Programs\MiKTeX 2.9\tex\generic\pgf\fron
tendlayer\tikz\libraries\tikzlibrarysnakes.code.tex"
File: tikzlibrarysnakes.code.tex 2013/07/15 v3.0.1a (rcs-revision 1.7)


Package pgf Warning: Snakes have been superseded by decorations. Please use the
 decoration libraries instead of the snakes library on input line 14.


("C:\Users\Miriam Wagner\AppData\Local\Programs\MiKTeX 2.9\tex\generic\pgf\fron
tendlayer\tikz\libraries\tikzlibrarydecorations.pathmorphing.code.tex"
("C:\Users\Miriam Wagner\AppData\Local\Programs\MiKTeX 2.9\tex\generic\pgf\fron
tendlayer\tikz\libraries\tikzlibrarydecorations.code.tex"
("C:\Users\Miriam Wagner\AppData\Local\Programs\MiKTeX 2.9\tex\generic\pgf\modu
les\pgfmoduledecorations.code.tex"
\pgfdecoratedcompleteddistance=\dimen265
\pgfdecoratedremainingdistance=\dimen266
\pgfdecoratedinputsegmentcompleteddistance=\dimen267
\pgfdecoratedinputsegmentremainingdistance=\dimen268
\pgf@decorate@distancetomove=\dimen269
\pgf@decorate@repeatstate=\count312
\pgfdecorationsegmentamplitude=\dimen270
\pgfdecorationsegmentlength=\dimen271
)
\tikz@lib@dec@box=\box75
)
("C:\Users\Miriam Wagner\AppData\Local\Programs\MiKTeX 2.9\tex\generic\pgf\libr
aries\decorations\pgflibrarydecorations.pathmorphing.code.tex"))
("C:\Users\Miriam Wagner\AppData\Local\Programs\MiKTeX 2.9\tex\generic\pgf\fron
tendlayer\tikz\libraries\tikzlibrarydecorations.pathreplacing.code.tex"
("C:\Users\Miriam Wagner\AppData\Local\Programs\MiKTeX 2.9\tex\generic\pgf\libr
aries\decorations\pgflibrarydecorations.pathreplacing.code.tex"))
("C:\Users\Miriam Wagner\AppData\Local\Programs\MiKTeX 2.9\tex\generic\pgf\fron
tendlayer\tikz\libraries\tikzlibrarydecorations.shapes.code.tex"
("C:\Users\Miriam Wagner\AppData\Local\Programs\MiKTeX 2.9\tex\generic\pgf\libr
aries\decorations\pgflibrarydecorations.shapes.code.tex")))
("C:\Users\Miriam Wagner\AppData\Local\Programs\MiKTeX 2.9\tex\generic\pgf\fron
tendlayer\tikz\libraries\tikzlibraryautomata.code.tex"
File: tikzlibraryautomata.code.tex 2008/07/14 v3.0.1a (rcs-revision 1.3)
)
("C:\Users\Miriam Wagner\AppData\Local\Programs\MiKTeX 2.9\tex\generic\pgf\fron
tendlayer\tikz\libraries\tikzlibrarybackgrounds.code.tex"
File: tikzlibrarybackgrounds.code.tex 2013/07/18 v3.0.1a (rcs-revision 1.3)
\pgf@layerbox@background=\box76
\pgf@layerboxsaved@background=\box77
)
("C:\Users\Miriam Wagner\AppData\Local\Programs\MiKTeX 2.9\tex\generic\pgf\fron
tendlayer\tikz\libraries\tikzlibrarypetri.code.tex"
File: tikzlibrarypetri.code.tex 2013/07/17 v3.0.1a (rcs-revision 1.3)
)
("C:\Users\Miriam Wagner\AppData\Local\Programs\MiKTeX 2.9\tex\generic\pgf\libr
aries\pgflibraryarrows.meta.code.tex"
File: pgflibraryarrows.meta.code.tex 2015/05/13 v3.0.1a (rcs-revision 1.13)
\pgfarrowinset=\dimen272
\pgfarrowlength=\dimen273
\pgfarrowwidth=\dimen274
\pgfarrowlinewidth=\dimen275
)
("C:\Users\Miriam Wagner\AppData\Local\Programs\MiKTeX 2.9\tex\latex\caption\ca
ption.sty"
Package: caption 2018/05/01 v3.3-147 Customizing captions (AR)

("C:\Users\Miriam Wagner\AppData\Local\Programs\MiKTeX 2.9\tex\latex\caption\ca
ption3.sty"
Package: caption3 2018/05/27 v1.8a caption3 kernel (AR)
Package caption3 Info: TeX engine: e-TeX on input line 64.
\captionmargin=\dimen276
\captionmargin@=\dimen277
\captionwidth=\dimen278
\caption@tempdima=\dimen279
\caption@indent=\dimen280
\caption@parindent=\dimen281
\caption@hangindent=\dimen282
)
\c@ContinuedFloat=\count313
)
("C:\Users\Miriam Wagner\AppData\Local\Programs\MiKTeX 2.9\tex\latex\caption\su
bcaption.sty"
Package: subcaption 2018/05/01 v1.1-162 Sub-captions (AR)
\c@subfigure=\count314
\c@subtable=\count315
)
("C:\Users\Miriam Wagner\AppData\Local\Programs\MiKTeX 2.9\tex\latex\wrapfig\wr
apfig.sty"
\wrapoverhang=\dimen283
\WF@size=\dimen284
\c@WF@wrappedlines=\count316
\WF@box=\box78
\WF@everypar=\toks57
Package: wrapfig 2003/01/31  v 3.6
)
("C:\Users\Miriam Wagner\AppData\Local\Programs\MiKTeX 2.9\tex\latex\tools\verb
atim.sty"
Package: verbatim 2014/10/28 v1.5q LaTeX2e package for verbatim enhancements
\every@verbatim=\toks58
\verbatim@line=\toks59
\verbatim@in@stream=\read4
)
("C:\Users\Miriam Wagner\AppData\Local\Programs\MiKTeX 2.9\tex\latex\multirow\m
ultirow.sty"
Package: multirow 2016/11/25 v2.2 Span multiple rows of a table
\multirow@colwidth=\skip59
\multirow@cntb=\count317
\multirow@dima=\skip60
\bigstrutjot=\dimen285
)
("C:\Users\Miriam Wagner\AppData\Local\Programs\MiKTeX 2.9\tex\latex\base\textc
omp.sty"
Package: textcomp 2017/04/05 v2.0i Standard LaTeX package
Package textcomp Info: Sub-encoding information:
(textcomp)               5 = only ISO-Adobe without \textcurrency
(textcomp)               4 = 5 + \texteuro
(textcomp)               3 = 4 + \textohm
(textcomp)               2 = 3 + \textestimated + \textcurrency
(textcomp)               1 = TS1 - \textcircled - \t
(textcomp)               0 = TS1 (full)
(textcomp)             Font families with sub-encoding setting implement
(textcomp)             only a restricted character set as indicated.
(textcomp)             Family '?' is the default used for unknown fonts.
(textcomp)             See the documentation for details.
Package textcomp Info: Setting ? sub-encoding to TS1/1 on input line 79.

("C:\Users\Miriam Wagner\AppData\Local\Programs\MiKTeX 2.9\tex\latex\base\ts1en
c.def"
File: ts1enc.def 2001/06/05 v3.0e (jk/car/fm) Standard LaTeX file
)
LaTeX Info: Redefining \oldstylenums on input line 334.
Package textcomp Info: Setting cmr sub-encoding to TS1/0 on input line 349.
Package textcomp Info: Setting cmss sub-encoding to TS1/0 on input line 350.
Package textcomp Info: Setting cmtt sub-encoding to TS1/0 on input line 351.
Package textcomp Info: Setting cmvtt sub-encoding to TS1/0 on input line 352.
Package textcomp Info: Setting cmbr sub-encoding to TS1/0 on input line 353.
Package textcomp Info: Setting cmtl sub-encoding to TS1/0 on input line 354.
Package textcomp Info: Setting ccr sub-encoding to TS1/0 on input line 355.
Package textcomp Info: Setting ptm sub-encoding to TS1/4 on input line 356.
Package textcomp Info: Setting pcr sub-encoding to TS1/4 on input line 357.
Package textcomp Info: Setting phv sub-encoding to TS1/4 on input line 358.
Package textcomp Info: Setting ppl sub-encoding to TS1/3 on input line 359.
Package textcomp Info: Setting pag sub-encoding to TS1/4 on input line 360.
Package textcomp Info: Setting pbk sub-encoding to TS1/4 on input line 361.
Package textcomp Info: Setting pnc sub-encoding to TS1/4 on input line 362.
Package textcomp Info: Setting pzc sub-encoding to TS1/4 on input line 363.
Package textcomp Info: Setting bch sub-encoding to TS1/4 on input line 364.
Package textcomp Info: Setting put sub-encoding to TS1/5 on input line 365.
Package textcomp Info: Setting uag sub-encoding to TS1/5 on input line 366.
Package textcomp Info: Setting ugq sub-encoding to TS1/5 on input line 367.
Package textcomp Info: Setting ul8 sub-encoding to TS1/4 on input line 368.
Package textcomp Info: Setting ul9 sub-encoding to TS1/4 on input line 369.
Package textcomp Info: Setting augie sub-encoding to TS1/5 on input line 370.
Package textcomp Info: Setting dayrom sub-encoding to TS1/3 on input line 371.
Package textcomp Info: Setting dayroms sub-encoding to TS1/3 on input line 372.

Package textcomp Info: Setting pxr sub-encoding to TS1/0 on input line 373.
Package textcomp Info: Setting pxss sub-encoding to TS1/0 on input line 374.
Package textcomp Info: Setting pxtt sub-encoding to TS1/0 on input line 375.
Package textcomp Info: Setting txr sub-encoding to TS1/0 on input line 376.
Package textcomp Info: Setting txss sub-encoding to TS1/0 on input line 377.
Package textcomp Info: Setting txtt sub-encoding to TS1/0 on input line 378.
Package textcomp Info: Setting lmr sub-encoding to TS1/0 on input line 379.
Package textcomp Info: Setting lmdh sub-encoding to TS1/0 on input line 380.
Package textcomp Info: Setting lmss sub-encoding to TS1/0 on input line 381.
Package textcomp Info: Setting lmssq sub-encoding to TS1/0 on input line 382.
Package textcomp Info: Setting lmvtt sub-encoding to TS1/0 on input line 383.
Package textcomp Info: Setting lmtt sub-encoding to TS1/0 on input line 384.
Package textcomp Info: Setting qhv sub-encoding to TS1/0 on input line 385.
Package textcomp Info: Setting qag sub-encoding to TS1/0 on input line 386.
Package textcomp Info: Setting qbk sub-encoding to TS1/0 on input line 387.
Package textcomp Info: Setting qcr sub-encoding to TS1/0 on input line 388.
Package textcomp Info: Setting qcs sub-encoding to TS1/0 on input line 389.
Package textcomp Info: Setting qpl sub-encoding to TS1/0 on input line 390.
Package textcomp Info: Setting qtm sub-encoding to TS1/0 on input line 391.
Package textcomp Info: Setting qzc sub-encoding to TS1/0 on input line 392.
Package textcomp Info: Setting qhvc sub-encoding to TS1/0 on input line 393.
Package textcomp Info: Setting futs sub-encoding to TS1/4 on input line 394.
Package textcomp Info: Setting futx sub-encoding to TS1/4 on input line 395.
Package textcomp Info: Setting futj sub-encoding to TS1/4 on input line 396.
Package textcomp Info: Setting hlh sub-encoding to TS1/3 on input line 397.
Package textcomp Info: Setting hls sub-encoding to TS1/3 on input line 398.
Package textcomp Info: Setting hlst sub-encoding to TS1/3 on input line 399.
Package textcomp Info: Setting hlct sub-encoding to TS1/5 on input line 400.
Package textcomp Info: Setting hlx sub-encoding to TS1/5 on input line 401.
Package textcomp Info: Setting hlce sub-encoding to TS1/5 on input line 402.
Package textcomp Info: Setting hlcn sub-encoding to TS1/5 on input line 403.
Package textcomp Info: Setting hlcw sub-encoding to TS1/5 on input line 404.
Package textcomp Info: Setting hlcf sub-encoding to TS1/5 on input line 405.
Package textcomp Info: Setting pplx sub-encoding to TS1/3 on input line 406.
Package textcomp Info: Setting pplj sub-encoding to TS1/3 on input line 407.
Package textcomp Info: Setting ptmx sub-encoding to TS1/4 on input line 408.
Package textcomp Info: Setting ptmj sub-encoding to TS1/4 on input line 409.
) (Assignment2.aux

LaTeX Warning: Label `fig: AppWorkSojuComp' multiply defined.


LaTeX Warning: Label `fig:AmounWhole' multiply defined.


LaTeX Warning: Label `sub@fig:AmounWhole' multiply defined.

)
\openout1 = `Assignment2.aux'.

LaTeX Font Info:    Checking defaults for OML/cmm/m/it on input line 37.
LaTeX Font Info:    ... okay on input line 37.
LaTeX Font Info:    Checking defaults for T1/cmr/m/n on input line 37.
LaTeX Font Info:    ... okay on input line 37.
LaTeX Font Info:    Checking defaults for OT1/cmr/m/n on input line 37.
LaTeX Font Info:    ... okay on input line 37.
LaTeX Font Info:    Checking defaults for OMS/cmsy/m/n on input line 37.
LaTeX Font Info:    ... okay on input line 37.
LaTeX Font Info:    Checking defaults for OMX/cmex/m/n on input line 37.
LaTeX Font Info:    ... okay on input line 37.
LaTeX Font Info:    Checking defaults for U/mathx/m/n on input line 37.
LaTeX Font Info:    ... okay on input line 37.
LaTeX Font Info:    Checking defaults for TS1/cmr/m/n on input line 37.
LaTeX Font Info:    Try loading font information for TS1+cmr on input line 37.

("C:\Users\Miriam Wagner\AppData\Local\Programs\MiKTeX 2.9\tex\latex\base\ts1cm
r.fd"
File: ts1cmr.fd 2014/09/29 v2.5h Standard LaTeX font definitions
)
LaTeX Font Info:    ... okay on input line 37.

*geometry* driver: auto-detecting
*geometry* detected driver: pdftex
*geometry* verbose mode - [ preamble ] result:
* driver: pdftex
* paper: a4paper
* layout: <same size as paper>
* layoutoffset:(h,v)=(0.0pt,0.0pt)
* modes: 
* h-part:(L,W,R)=(28.45274pt, 540.60239pt, 28.45274pt)
* v-part:(T,H,B)=(28.45274pt, 788.14136pt, 28.45274pt)
* \paperwidth=597.50787pt
* \paperheight=845.04684pt
* \textwidth=540.60239pt
* \textheight=788.14136pt
* \oddsidemargin=-43.81725pt
* \evensidemargin=-43.81725pt
* \topmargin=-80.81725pt
* \headheight=12.0pt
* \headsep=25.0pt
* \topskip=10.0pt
* \footskip=30.0pt
* \marginparwidth=65.0pt
* \marginparsep=11.0pt
* \columnsep=10.0pt
* \skip\footins=9.0pt plus 4.0pt minus 2.0pt
* \hoffset=0.0pt
* \voffset=0.0pt
* \mag=1000
* \@twocolumnfalse
* \@twosidefalse
* \@mparswitchfalse
* \@reversemarginfalse
* (1in=72.27pt=25.4mm, 1cm=28.453pt)

ABD: EveryShipout initializing macros
("C:\Users\Miriam Wagner\AppData\Local\Programs\MiKTeX 2.9\tex\context\base\sup
p-pdf.mkii"
[Loading MPS to PDF converter (version 2006.09.02).]
\scratchcounter=\count318
\scratchdimen=\dimen286
\scratchbox=\box79
\nofMPsegments=\count319
\nofMParguments=\count320
\everyMPshowfont=\toks60
\MPscratchCnt=\count321
\MPscratchDim=\dimen287
\MPnumerator=\count322
\makeMPintoPDFobject=\count323
\everyMPtoPDFconversion=\toks61
)
("C:\Users\Miriam Wagner\AppData\Local\Programs\MiKTeX 2.9\tex\latex\oberdiek\e
pstopdf-base.sty"
Package: epstopdf-base 2016/05/15 v2.6 Base part for package epstopdf

("C:\Users\Miriam Wagner\AppData\Local\Programs\MiKTeX 2.9\tex\generic\oberdiek
\infwarerr.sty"
Package: infwarerr 2016/05/16 v1.4 Providing info/warning/error messages (HO)
)
("C:\Users\Miriam Wagner\AppData\Local\Programs\MiKTeX 2.9\tex\latex\oberdiek\g
rfext.sty"
Package: grfext 2016/05/16 v1.2 Manage graphics extensions (HO)

("C:\Users\Miriam Wagner\AppData\Local\Programs\MiKTeX 2.9\tex\generic\oberdiek
\kvdefinekeys.sty"
Package: kvdefinekeys 2016/05/16 v1.4 Define keys (HO)

("C:\Users\Miriam Wagner\AppData\Local\Programs\MiKTeX 2.9\tex\generic\oberdiek
\ltxcmds.sty"
Package: ltxcmds 2016/05/16 v1.23 LaTeX kernel commands for general use (HO)
)))
("C:\Users\Miriam Wagner\AppData\Local\Programs\MiKTeX 2.9\tex\latex\oberdiek\k
voptions.sty"
Package: kvoptions 2016/05/16 v3.12 Key value format for package options (HO)

("C:\Users\Miriam Wagner\AppData\Local\Programs\MiKTeX 2.9\tex\generic\oberdiek
\kvsetkeys.sty"
Package: kvsetkeys 2016/05/16 v1.17 Key value parser (HO)

("C:\Users\Miriam Wagner\AppData\Local\Programs\MiKTeX 2.9\tex\generic\oberdiek
\etexcmds.sty"
Package: etexcmds 2016/05/16 v1.6 Avoid name clashes with e-TeX commands (HO)

("C:\Users\Miriam Wagner\AppData\Local\Programs\MiKTeX 2.9\tex\generic\oberdiek
\ifluatex.sty"
Package: ifluatex 2016/05/16 v1.4 Provides the ifluatex switch (HO)
Package ifluatex Info: LuaTeX not detected.
)
Package etexcmds Info: Could not find \expanded.
(etexcmds)             That can mean that you are not using pdfTeX 1.50 or
(etexcmds)             that some package has redefined \expanded.
(etexcmds)             In the latter case, load this package earlier.
)))
("C:\Users\Miriam Wagner\AppData\Local\Programs\MiKTeX 2.9\tex\generic\oberdiek
\pdftexcmds.sty"
Package: pdftexcmds 2018/01/21 v0.26 Utility functions of pdfTeX for LuaTeX (HO
)
Package pdftexcmds Info: LuaTeX not detected.
Package pdftexcmds Info: \pdf@primitive is available.
Package pdftexcmds Info: \pdf@ifprimitive is available.
Package pdftexcmds Info: \pdfdraftmode found.
)
Package epstopdf-base Info: Redefining graphics rule for `.eps' on input line 4
38.
Package grfext Info: Graphics extension search list:
(grfext)             [.pdf,.png,.jpg,.mps,.jpeg,.jbig2,.jb2,.PDF,.PNG,.JPG,.JPE
G,.JBIG2,.JB2,.eps]
(grfext)             \AppendGraphicsExtensions on input line 456.
)
Package caption Info: Begin \AtBeginDocument code.
Package caption Info: wrapfig package is loaded.
Package caption Info: End \AtBeginDocument code.
LaTeX Font Info:    Try loading font information for U+msa on input line 38.

("C:\Users\Miriam Wagner\AppData\Local\Programs\MiKTeX 2.9\tex\latex\amsfonts\u
msa.fd"
File: umsa.fd 2013/01/14 v3.01 AMS symbols A
)
LaTeX Font Info:    Try loading font information for U+msb on input line 38.

("C:\Users\Miriam Wagner\AppData\Local\Programs\MiKTeX 2.9\tex\latex\amsfonts\u
msb.fd"
File: umsb.fd 2013/01/14 v3.01 AMS symbols B
) (Introduction.tex
Overfull \hbox (3.29257pt too wide) in paragraph at lines 18--20
\T1/cmr/m/n/10 (4.991%), "W_Handeling_Incomplete_Dossiers + COM-PLETE" (4.35%),
 "W_Handeling_Incomplete_Dossiers + START"
 []


Overfull \hbox (7.37491pt too wide) in paragraph at lines 18--20
\T1/cmr/m/n/10 PLETE" (2.912%), "W_Complete_Application + SCHED-ULE" (2.811%), 
"App_Pre_Acceptation + COM-PLETE" (2.81%),
 []


Overfull \hbox (8.06918pt too wide) in paragraph at lines 18--20
\T1/cmr/m/n/10 "W_Quotations + SCHED-ULE" (2.53%), "W_Handling_Leads + COM-PLET
E" (2.249%), "W_Handling_Leads + START"
 []


Overfull \hbox (18.4pt too wide) in paragraph at lines 18--20
\T1/cmr/m/n/10 "P_Returning + COM-PLETE" (1.317%), "App_Cancellation + COM-PLET
E" (1.071%), "W_Handeling_Incomplete_Dossiers
 []


Overfull \hbox (53.50253pt too wide) in paragraph at lines 18--20
\T1/cmr/m/n/10 + SCHED-ULE" (0.909%), "App_Initiation + COM-PLETE" (0.857%), "A
pp_Approving + COM-PLETE" (0.857%), "App_Registration
 []


Overfull \hbox (52.8638pt too wide) in paragraph at lines 18--20
\T1/cmr/m/n/10 + COM-PLETE" (0.857%), "P_Acceptation + COM-PLETE" (0.855%), "P_
Rejection + COM-PLETE" (0.306%), "W_Fraud_Detection
 []


Overfull \hbox (28.78635pt too wide) in paragraph at lines 27--28
\T1/cmr/m/n/10 "App_Cancellation + COM-PLETE" (5.005%), "W_Handeling_Incomplete
_Dossiers + COM-PLETE" (3.454%), "P_Cancellation
 []

<TotalDataDot.PNG, id=4, 945.03062pt x 440.14438pt>
File: TotalDataDot.PNG Graphic file (type png)
<use TotalDataDot.PNG>
Package pdftex.def Info: TotalDataDot.PNG  used on input line 34.
(pdftex.def)             Requested size: 486.53883pt x 226.60635pt.
) (ProcessModels.tex
Overfull \hbox (3.37589pt too wide) in paragraph at lines 39--1
[]\T1/cmr/m/n/10 Having a look at the whole data it can be seen, that there are
 just athe fol-low-ing events ex-e-cutes: "W_Complete_Application",
 []


Overfull \hbox (11.87381pt too wide) in paragraph at lines 39--1
\T1/cmr/m/n/10 "W_Handling_Leads", "App_Incomplete_Submission", "P_Cancellation
", "App_Fully_Submission" and "App_Rejection".
 []

[1

{C:/Users/Miriam Wagner/AppData/Local/MiKTeX/2.9/pdftex/config/pdftex.map}]
Overfull \hbox (29.92386pt too wide) in paragraph at lines 19--20
[]\T1/cmr/m/n/10 10 dif-fer-ent events ap-pear (oc-curences rel-a-tive), all ev
ents are com-plete so I deleted this ex-tra in-for-ma-tion: "App_Fully_Submissi
on"
 []


Overfull \hbox (14.59537pt too wide) in paragraph at lines 19--20
\T1/cmr/m/n/10 (8.573%), "App_Registration" (6.014%), "App_Approving" (2.575%),
 "App_Finalization" (2.499%), "App_Pre_Acceptation"
 []

<AppData.PNG, id=14, 946.03438pt x 441.65pt>
File: AppData.PNG Graphic file (type png)
<use AppData.PNG>
Package pdftex.def Info: AppData.PNG  used on input line 27.
(pdftex.def)             Requested size: 337.64175pt x 157.62585pt.
<App_DirectlyFollowedFreq0.PNG, id=15, 950.55125pt x 429.10312pt>
File: App_DirectlyFollowedFreq0.PNG Graphic file (type png)
<use App_DirectlyFollowedFreq0.PNG>
Package pdftex.def Info: App_DirectlyFollowedFreq0.PNG  used on input line 41.
(pdftex.def)             Requested size: 216.23764pt x 97.61128pt.
<App_DirectlyFollowedFreq0-051.PNG, id=16, 954.06438pt x 429.10312pt>
File: App_DirectlyFollowedFreq0-051.PNG Graphic file (type png)
<use App_DirectlyFollowedFreq0-051.PNG>
Package pdftex.def Info: App_DirectlyFollowedFreq0-051.PNG  used on input line 
47.
(pdftex.def)             Requested size: 216.23764pt x 97.25116pt.
<App_DirectlyFollowedFreq0-1.PNG, id=17, 948.04187pt x 412.54124pt>
File: App_DirectlyFollowedFreq0-1.PNG Graphic file (type png)
<use App_DirectlyFollowedFreq0-1.PNG>
Package pdftex.def Info: App_DirectlyFollowedFreq0-1.PNG  used on input line 53
.
(pdftex.def)             Requested size: 216.23764pt x 94.09563pt.
<App_DirectlyFollowedFreq0-2.PNG, id=18, 950.04938pt x 424.58624pt>
File: App_DirectlyFollowedFreq0-2.PNG Graphic file (type png)
<use App_DirectlyFollowedFreq0-2.PNG>
Package pdftex.def Info: App_DirectlyFollowedFreq0-2.PNG  used on input line 59
.
(pdftex.def)             Requested size: 216.23764pt x 96.63562pt.
[2 <./TotalDataDot.PNG>] [3 <./AppData.PNG> <./App_DirectlyFollowedFreq0.PNG> <
./App_DirectlyFollowedFreq0-051.PNG> <./App_DirectlyFollowedFreq0-1.PNG> <./App
_DirectlyFollowedFreq0-2.PNG>]
<App_Conformance0-051.PNG, id=34, 198.24063pt x 100.375pt>
File: App_Conformance0-051.PNG Graphic file (type png)
<use App_Conformance0-051.PNG>
Package pdftex.def Info: App_Conformance0-051.PNG  used on input line 73.
(pdftex.def)             Requested size: 135.15059pt x 68.43175pt.
<App_Conformance0-1.PNG, id=35, 200.24812pt x 103.88812pt>
File: App_Conformance0-1.PNG Graphic file (type png)
<use App_Conformance0-1.PNG>
Package pdftex.def Info: App_Conformance0-1.PNG  used on input line 79.
(pdftex.def)             Requested size: 135.15059pt x 70.11986pt.

Underfull \hbox (badness 3815) in paragraph at lines 80--80
[]\T1/cmr/m/n/9 (b) |Con-for-mance for 0.1 fre-
 []

<App_Precision0-051.PNG, id=36, 273.02pt x 107.90312pt>
File: App_Precision0-051.PNG Graphic file (type png)
<use App_Precision0-051.PNG>
Package pdftex.def Info: App_Precision0-051.PNG  used on input line 94.
(pdftex.def)             Requested size: 216.23764pt x 85.4615pt.
<App_Precision0-1.PNG, id=37, 273.52188pt x 109.40875pt>
File: App_Precision0-1.PNG Graphic file (type png)
<use App_Precision0-1.PNG>
Package pdftex.def Info: App_Precision0-1.PNG  used on input line 100.
(pdftex.def)             Requested size: 216.23764pt x 86.49538pt.
<App_Conformance0-069.PNG, id=38, 196.23312pt x 94.85437pt>
File: App_Conformance0-069.PNG Graphic file (type png)
<use App_Conformance0-069.PNG>
Package pdftex.def Info: App_Conformance0-069.PNG  used on input line 112.
(pdftex.def)             Requested size: 194.61255pt x 94.07689pt.
<App_Precision0-069.PNG, id=39, 169.13188pt x 105.89563pt>
File: App_Precision0-069.PNG Graphic file (type png)
<use App_Precision0-069.PNG>
Package pdftex.def Info: App_Precision0-069.PNG  used on input line 113.
(pdftex.def)             Requested size: 194.61255pt x 121.85333pt.
<App_DirectlyFollowedFreq0-069.PNG, id=40, 759.33687pt x 214.30063pt>
File: App_DirectlyFollowedFreq0-069.PNG Graphic file (type png)
<use App_DirectlyFollowedFreq0-069.PNG>
Package pdftex.def Info: App_DirectlyFollowedFreq0-069.PNG  used on input line 
119.
(pdftex.def)             Requested size: 486.53883pt x 137.31215pt.
<APP_Replay.PNG, id=41, 809.52437pt x 122.95938pt>
File: APP_Replay.PNG Graphic file (type png)
<use APP_Replay.PNG>
Package pdftex.def Info: APP_Replay.PNG  used on input line 134.
(pdftex.def)             Requested size: 486.53883pt x 73.90189pt.
[4 <./App_Conformance0-051.PNG> <./App_Conformance0-1.PNG> <./App_Precision0-05
1.PNG> <./App_Precision0-1.PNG> <./App_Conformance0-069.PNG> <./App_Precision0-
069.PNG> <./App_DirectlyFollowedFreq0-069.PNG>]
<ProposalData.PNG, id=52, 954.06438pt x 441.14813pt>
File: ProposalData.PNG Graphic file (type png)
<use ProposalData.PNG>
Package pdftex.def Info: ProposalData.PNG  used on input line 167.
(pdftex.def)             Requested size: 340.88618pt x 157.62585pt.
 [5 <./APP_Replay.PNG> <./ProposalData.PNG>]
Overfull \hbox (14.08624pt too wide) in paragraph at lines 178--180
[]\T1/cmr/m/n/10 All traces start with "P_Selection". And the end events are di
s-tributed like this: "P_Acceptation" (44.726%), "P_Cancellation"
 []

<P_DirectlyFollowedFreq0.PNG, id=59, 963.6pt x 448.67625pt>
File: P_DirectlyFollowedFreq0.PNG Graphic file (type png)
<use P_DirectlyFollowedFreq0.PNG>
Package pdftex.def Info: P_DirectlyFollowedFreq0.PNG  used on input line 192.
(pdftex.def)             Requested size: 216.23764pt x 100.68079pt.
<P_DirectlyFollowedFreq0-1.PNG, id=60, 963.09813pt x 439.14063pt>
File: P_DirectlyFollowedFreq0-1.PNG Graphic file (type png)
<use P_DirectlyFollowedFreq0-1.PNG>
Package pdftex.def Info: P_DirectlyFollowedFreq0-1.PNG  used on input line 198.

(pdftex.def)             Requested size: 216.23764pt x 98.59465pt.
<P_DirectlyFollowedFreq0-151.PNG, id=61, 963.6pt x 435.12563pt>
File: P_DirectlyFollowedFreq0-151.PNG Graphic file (type png)
<use P_DirectlyFollowedFreq0-151.PNG>
Package pdftex.def Info: P_DirectlyFollowedFreq0-151.PNG  used on input line 20
4.
(pdftex.def)             Requested size: 216.23764pt x 97.64009pt.
<P_DirectlyFollowedFreq0-2.PNG, id=62, 963.6pt x 436.12938pt>
File: P_DirectlyFollowedFreq0-2.PNG Graphic file (type png)
<use P_DirectlyFollowedFreq0-2.PNG>
Package pdftex.def Info: P_DirectlyFollowedFreq0-2.PNG  used on input line 210.

(pdftex.def)             Requested size: 216.23764pt x 97.86533pt.
<P_Conformance0-151.PNG, id=63, 197.23688pt x 93.85063pt>
File: P_Conformance0-151.PNG Graphic file (type png)
<use P_Conformance0-151.PNG>
Package pdftex.def Info: P_Conformance0-151.PNG  used on input line 225.
(pdftex.def)             Requested size: 216.23764pt x 102.8923pt.
<P_Conformance0-2.PNG, id=64, 214.30063pt x 113.92563pt>
File: P_Conformance0-2.PNG Graphic file (type png)
<use P_Conformance0-2.PNG>
Package pdftex.def Info: P_Conformance0-2.PNG  used on input line 231.
(pdftex.def)             Requested size: 216.23764pt x 114.95618pt.
<P_Precision0-151.PNG, id=65, 166.12062pt x 106.89937pt>
File: P_Precision0-151.PNG Graphic file (type png)
<use P_Precision0-151.PNG>
Package pdftex.def Info: P_Precision0-151.PNG  used on input line 237.
(pdftex.def)             Requested size: 216.23764pt x 139.15836pt.
<P_Precision0-2.PNG, id=66, 167.12437pt x 106.89937pt>
File: P_Precision0-2.PNG Graphic file (type png)
<use P_Precision0-2.PNG>
Package pdftex.def Info: P_Precision0-2.PNG  used on input line 243.
(pdftex.def)             Requested size: 216.23764pt x 138.32483pt.
[6 <./P_DirectlyFollowedFreq0.PNG> <./P_DirectlyFollowedFreq0-1.PNG> <./P_Direc
tlyFollowedFreq0-151.PNG> <./P_DirectlyFollowedFreq0-2.PNG> <./P_Conformance0-1
51.PNG> <./P_Conformance0-2.PNG> <./P_Precision0-151.PNG> <./P_Precision0-2.PNG
>]
<P_ConfomGraph0-2.png, id=78, 615.29875pt x 85.31876pt>
File: P_ConfomGraph0-2.png Graphic file (type png)
<use P_ConfomGraph0-2.png>
Package pdftex.def Info: P_ConfomGraph0-2.png  used on input line 260.
(pdftex.def)             Requested size: 486.53883pt x 67.46616pt.
<ApprovalDot.PNG, id=79, 960.08687pt x 438.13687pt>
File: ApprovalDot.PNG Graphic file (type png)
<use ApprovalDot.PNG>
Package pdftex.def Info: ApprovalDot.PNG  used on input line 286.
(pdftex.def)             Requested size: 345.41125pt x 157.62585pt.

Overfull \hbox (3.34811pt too wide) in paragraph at lines 293--296
\T1/cmr/m/n/10 (7.099%), "App_Pre_Acceptation" (6.615%), "App_Initiation" (6.61
5%), "App_Approving" (6.615%), "App_Registration"
 []

[7 <./P_ConfomGraph0-2.png> <./ApprovalDot.PNG>]
<APP_ApprovedDFG0-3.PNG, id=86, 963.09813pt x 432.61626pt>
File: APP_ApprovedDFG0-3.PNG Graphic file (type png)
<use APP_ApprovedDFG0-3.PNG>
Package pdftex.def Info: APP_ApprovedDFG0-3.PNG  used on input line 328.
(pdftex.def)             Requested size: 486.53883pt x 218.5454pt.
<ApprovReplay.PNG, id=87, 670.505pt x 54.2025pt>
File: ApprovReplay.PNG Graphic file (type png)
<use ApprovReplay.PNG>
Package pdftex.def Info: ApprovReplay.PNG  used on input line 329.
(pdftex.def)             Requested size: 486.53883pt x 39.33095pt.

Overfull \hbox (33.70181pt too wide) in paragraph at lines 336--337
[]\T1/cmr/m/n/10 All 301 cases start with the same 4 events: "App_Fully_Submiss
ion" \TS1/cmr/m/n/10 \T1/cmr/m/n/10 "App_Incomplete_Submission" \TS1/cmr/m/n/1
0 \T1/cmr/m/n/10 "App_Pre_Acceptation"
 []

<CancDot.PNG, id=88, 957.5775pt x 445.16313pt>
File: CancDot.PNG Graphic file (type png)
<use CancDot.PNG>
Package pdftex.def Info: CancDot.PNG  used on input line 349.
(pdftex.def)             Requested size: 339.0584pt x 157.62585pt.

Overfull \hbox (30.36005pt too wide) in paragraph at lines 354--355
[]\T1/cmr/m/n/10 In fig-ure 15[] the cor-re-spond-ing dot-ted chart can be seen
. On ev-ery sun-day there are just two events ex-e-cuted "App_Pre_Acceptation"
 []


Overfull \hbox (5.48648pt too wide) in paragraph at lines 356--358
\T1/cmr/m/n/10 "App_Incomplete_Submission" (14.323%), "App_Pre_Acceptation" (14
.315%), "P_Cancellation" (7.572%), "P_Initiation"
 []

[8 <./APP_ApprovedDFG0-3.PNG> <./ApprovReplay.PNG>]
<APP_CancDFG0-1.PNG, id=94, 962.09438pt x 433.11812pt>
File: APP_CancDFG0-1.PNG Graphic file (type png)
<use APP_CancDFG0-1.PNG>
Package pdftex.def Info: APP_CancDFG0-1.PNG  used on input line 386.
(pdftex.def)             Requested size: 486.53883pt x 219.03683pt.
<CancReplay.PNG, id=95, 784.43062pt x 63.73813pt>
File: CancReplay.PNG Graphic file (type png)
<use CancReplay.PNG>
Package pdftex.def Info: CancReplay.PNG  used on input line 387.
(pdftex.def)             Requested size: 486.53883pt x 39.53375pt.
 [9 <./CancDot.PNG> <./APP_CancDFG0-1.PNG> <./CancReplay.PNG>]
<RejDot.PNG, id=102, 955.06813pt x 444.66125pt>
File: RejDot.PNG Graphic file (type png)
<use RejDot.PNG>
Package pdftex.def Info: RejDot.PNG  used on input line 407.
(pdftex.def)             Requested size: 338.54878pt x 157.62585pt.

Overfull \hbox (104.32346pt too wide) in paragraph at lines 414--416
[]\T1/cmr/m/n/10 There are 12 dif-fer-ent events (rel-a-tive oc-curences): "App
_Rejection" (27.17%), "App_Fully_Submission" (27.17%), "App_Incomplete_Submissi
on"
 []


Overfull \hbox (19.89963pt too wide) in paragraph at lines 414--416
\T1/cmr/m/n/10 "App_Acceptation" (1.678%), "App_Finalization" (1.57%), "P_Rejec
tion" (1.57%), "P_Returning" (1.51%), "P_Cancellation"
 []

<Rej0-1.PNG, id=103, 962.09438pt x 433.62pt>
File: Rej0-1.PNG Graphic file (type png)
<use Rej0-1.PNG>
Package pdftex.def Info: Rej0-1.PNG  used on input line 447.
(pdftex.def)             Requested size: 486.53883pt x 219.29065pt.
<RejReplay.PNG, id=104, 750.30313pt x 78.2925pt>
File: RejReplay.PNG Graphic file (type png)
<use RejReplay.PNG>
Package pdftex.def Info: RejReplay.PNG  used on input line 448.
(pdftex.def)             Requested size: 486.53883pt x 50.77005pt.
<PCnet0-2.PNG, id=105, 277.035pt x 378.91562pt>
File: PCnet0-2.PNG Graphic file (type png)
<use PCnet0-2.PNG>
Package pdftex.def Info: PCnet0-2.PNG  used on input line 466.
(pdftex.def)             Requested size: 115.24637pt x 157.62585pt.
<PropC-Net0.PNG, id=106, 277.53688pt x 103.88812pt>
File: PropC-Net0.PNG Graphic file (type png)
<use PropC-Net0.PNG>
Package pdftex.def Info: PropC-Net0.PNG  used on input line 471.
(pdftex.def)             Requested size: 421.14897pt x 157.62585pt.

Overfull \hbox (42.72896pt too wide) in paragraph at lines 471--472
[][] 
 []

<PropC-Net0-151.PNG, id=107, 274.02374pt x 116.435pt>
File: PropC-Net0-151.PNG Graphic file (type png)
<use PropC-Net0-151.PNG>
Package pdftex.def Info: PropC-Net0-151.PNG  used on input line 505.
(pdftex.def)             Requested size: 486.53883pt x 206.75084pt.
[10 <./RejDot.PNG>] [11 <./Rej0-1.PNG> <./RejReplay.PNG> <./PCnet0-2.PNG> <./Pr
opC-Net0.PNG>]
<AppWorkDot.PNG, id=119, 949.5475pt x 442.15187pt>
File: AppWorkDot.PNG Graphic file (type png)
<use AppWorkDot.PNG>
Package pdftex.def Info: AppWorkDot.PNG  used on input line 591.
(pdftex.def)             Requested size: 432.48355pt x 201.3818pt.
 [12 <./PropC-Net0-151.PNG>]
Overfull \hbox (51.72519pt too wide) in paragraph at lines 598--600
\T1/cmr/m/n/10 (10.18%), "W_Quotations" (9.948%), "W_Quotations" (9.701%), "App
_Fully_Submission" (5.666%), "App_Incomplete_Submission"
 []


Overfull \hbox (11.9849pt too wide) in paragraph at lines 598--600
\T1/cmr/m/n/10 (5.666%), "W_Handeling_Incomplete_Dossiers" (4.939%), "W_Handeli
ng_Incomplete_Dossiers" (4.936%), "W_Validation"
 []


Overfull \hbox (32.67429pt too wide) in paragraph at lines 598--600
\T1/cmr/m/n/10 (3.418%), "W_Validation" (3.417%), "App_Rejection" (3.306%), "W_
Complete_Application" (3.192%), "App_Pre_Acceptation"
 []


Overfull \hbox (3.9313pt too wide) in paragraph at lines 598--600
\T1/cmr/m/n/10 (3.19%), "W_Quotations" (2.872%), "W_Handling_Leads" (2.554%), "
W_Handling_Leads" (2.553%), "App_Acceptation"
 []


Overfull \hbox (63.22238pt too wide) in paragraph at lines 598--600
\T1/cmr/m/n/10 (1.215%), "W_Handeling_Incomplete_Dossiers" (1.032%), "App_Initi
ation" (0.972%), "App_Approving" (0.972%), "App_Registration"
 []


Overfull \hbox (119.06985pt too wide) in paragraph at lines 598--600
\T1/cmr/m/n/10 (0.972%), "W_Fraud_Detection" (0.117%), "W_Fraud_Detection" (0.1
17%), "W_Fraud_Detection" (0.054%) and "W_Changing_Contact_Details"
 []


Overfull \hbox (20.42728pt too wide) in paragraph at lines 605--607
[]\T1/cmr/m/n/10 All cases start with "App_Fully_Submission", but there are 12 
dif-fer-ent out-comes: "App_Rejection" (26.202%), "W_Validation"
 []


Overfull \hbox (48.72592pt too wide) in paragraph at lines 605--607
\T1/cmr/m/n/10 (20.975%), "W_Handling_Leads" (17.07%), "W_Complete_Application"
 (14.816%), "W_Quotations" (9.895%), "App_Cancellation"
 []


Overfull \hbox (21.59366pt too wide) in paragraph at lines 605--607
\T1/cmr/m/n/10 (7.091%), "W_Handeling_Incomplete_Dossiers" (3.454%), "W_Fraud_D
etection" (0.436%), "W_Changing_Contact_Details"
 []

<WorkSojuComp.PNG, id=124, 857.70438pt x 166.12062pt>
File: WorkSojuComp.PNG Graphic file (type png)
<use WorkSojuComp.PNG>
Package pdftex.def Info: WorkSojuComp.PNG  used on input line 613.
(pdftex.def)             Requested size: 486.53883pt x 94.23346pt.
[13 <./AppWorkDot.PNG> <./WorkSojuComp.PNG>]
<AppSojuCom.PNG, id=131, 861.2175pt x 103.38625pt>
File: AppSojuCom.PNG Graphic file (type png)
<use AppSojuCom.PNG>
Package pdftex.def Info: AppSojuCom.PNG  used on input line 638.
(pdftex.def)             Requested size: 486.53883pt x 58.4086pt.
<AppSojuProb.PNG, id=132, 656.4525pt x 350.81062pt>
File: AppSojuProb.PNG Graphic file (type png)
<use AppSojuProb.PNG>
Package pdftex.def Info: AppSojuProb.PNG  used on input line 647.
(pdftex.def)             Requested size: 486.53883pt x 260.0133pt.
<APP_Work_Bottle.PNG, id=133, 858.70813pt x 73.77562pt>
File: APP_Work_Bottle.PNG Graphic file (type png)
<use APP_Work_Bottle.PNG>
Package pdftex.def Info: APP_Work_Bottle.PNG  used on input line 666.
(pdftex.def)             Requested size: 486.53883pt x 41.80148pt.
 [14 <./AppSojuCom.PNG> <./AppSojuProb.PNG>]
<APP_Work_BottleVal.PNG, id=139, 237.38687pt x 106.89937pt>
File: APP_Work_BottleVal.PNG Graphic file (type png)
<use APP_Work_BottleVal.PNG>
Package pdftex.def Info: APP_Work_BottleVal.PNG  used on input line 675.
(pdftex.def)             Requested size: 243.26941pt x 109.55296pt.
<APP_Work_BottleQuot.PNG, id=140, 670.00313pt x 325.71687pt>
File: APP_Work_BottleQuot.PNG Graphic file (type png)
<use APP_Work_BottleQuot.PNG>
Package pdftex.def Info: APP_Work_BottleQuot.PNG  used on input line 676.
(pdftex.def)             Requested size: 243.26941pt x 118.26192pt.
<APP_Work_BottleCanc.PNG, id=141, 243.91125pt x 109.40875pt>
File: APP_Work_BottleCanc.PNG Graphic file (type png)
<use APP_Work_BottleCanc.PNG>
Package pdftex.def Info: APP_Work_BottleCanc.PNG  used on input line 677.
(pdftex.def)             Requested size: 243.26941pt x 109.1213pt.
<APP_Work_BottleCompl.PNG, id=142, 265.99374pt x 70.2625pt>
File: APP_Work_BottleCompl.PNG Graphic file (type png)
<use APP_Work_BottleCompl.PNG>
Package pdftex.def Info: APP_Work_BottleCompl.PNG  used on input line 678.
(pdftex.def)             Requested size: 243.26941pt x 64.26166pt.
) (Questions.tex
<AmountRequ_All.PNG, id=143, 771.88374pt x 439.14063pt>
File: AmountRequ_All.PNG Graphic file (type png)
<use AmountRequ_All.PNG>
Package pdftex.def Info: AmountRequ_All.PNG  used on input line 17.
(pdftex.def)             Requested size: 262.2506pt x 149.19862pt.
<AmountRequ_P.PNG, id=144, 598.73688pt x 378.41376pt>
File: AmountRequ_P.PNG Graphic file (type png)
<use AmountRequ_P.PNG>
Package pdftex.def Info: AmountRequ_P.PNG  used on input line 22.
(pdftex.def)             Requested size: 262.2506pt x 165.75192pt.
<AmountRequ_App.PNG, id=145, 589.20125pt x 363.85938pt>
File: AmountRequ_App.PNG Graphic file (type png)
<use AmountRequ_App.PNG>
Package pdftex.def Info: AmountRequ_App.PNG  used on input line 27.
(pdftex.def)             Requested size: 262.2506pt x 161.95299pt.
<AmountRequ_Work.PNG, id=146, 588.1975pt x 348.30125pt>
File: AmountRequ_Work.PNG Graphic file (type png)
<use AmountRequ_Work.PNG>
Package pdftex.def Info: AmountRequ_Work.PNG  used on input line 32.
(pdftex.def)             Requested size: 262.2506pt x 155.29384pt.
<ApprovCnet.PNG, id=147, 760.8425pt x 73.27374pt>
File: ApprovCnet.PNG Graphic file (type png)
<use ApprovCnet.PNG>
Package pdftex.def Info: ApprovCnet.PNG  used on input line 53.
(pdftex.def)             Requested size: 486.53883pt x 46.85812pt.
 [15 <./APP_Work_Bottle.PNG> <./APP_Work_BottleVal.PNG> <./APP_Work_BottleQuot.
PNG> <./APP_Work_BottleCanc.PNG> <./APP_Work_BottleCompl.PNG>]
<ApprovCnetBeginning.PNG, id=156, 127.47626pt x 85.31876pt>
File: ApprovCnetBeginning.PNG Graphic file (type png)
<use ApprovCnetBeginning.PNG>
Package pdftex.def Info: ApprovCnetBeginning.PNG  used on input line 61.
(pdftex.def)             Requested size: 194.61255pt x 130.25864pt.
<ApprovCnetMiddle.PNG, id=157, 364.36125pt x 119.44624pt>
File: ApprovCnetMiddle.PNG Graphic file (type png)
<use ApprovCnetMiddle.PNG>
Package pdftex.def Info: ApprovCnetMiddle.PNG  used on input line 66.
(pdftex.def)             Requested size: 194.61255pt x 63.7983pt.
<ApprovCnetEnd.PNG, id=158, 538.01pt x 15.55812pt>
File: ApprovCnetEnd.PNG Graphic file (type png)
<use ApprovCnetEnd.PNG>
Package pdftex.def Info: ApprovCnetEnd.PNG  used on input line 71.
(pdftex.def)             Requested size: 437.88197pt x 12.66277pt.
 [16 <./AmountRequ_All.PNG> <./AmountRequ_P.PNG> <./AmountRequ_App.PNG> <./Amou
ntRequ_Work.PNG> <./ApprovCnet.PNG> <./ApprovCnetBeginning.PNG> <./ApprovCnetMi
ddle.PNG> <./ApprovCnetEnd.PNG>]
<RejCNet.PNG, id=170, 764.35562pt x 49.68562pt>
File: RejCNet.PNG Graphic file (type png)
<use RejCNet.PNG>
Package pdftex.def Info: RejCNet.PNG  used on input line 91.
(pdftex.def)             Requested size: 340.5757pt x 22.13846pt.
<RejCnetBeg.PNG, id=171, 179.67125pt x 105.89563pt>
File: RejCnetBeg.PNG Graphic file (type png)
<use RejCnetBeg.PNG>
Package pdftex.def Info: RejCnetBeg.PNG  used on input line 96.
(pdftex.def)             Requested size: 97.30627pt x 57.35243pt.
<CancCNet.PNG, id=172, 762.34813pt x 175.15437pt>
File: CancCNet.PNG Graphic file (type png)
<use CancCNet.PNG>
Package pdftex.def Info: CancCNet.PNG  used on input line 111.
(pdftex.def)             Requested size: 340.5757pt x 78.24947pt.
<CancCnetBeg.PNG, id=173, 168.63pt x 115.93312pt>
File: CancCnetBeg.PNG Graphic file (type png)
<use CancCnetBeg.PNG>
Package pdftex.def Info: CancCnetBeg.PNG  used on input line 116.
(pdftex.def)             Requested size: 97.30627pt x 66.89983pt.
) (Conclusion.tex) [17 <./RejCNet.PNG> <./RejCnetBeg.PNG> <./CancCNet.PNG> <./C
ancCnetBeg.PNG>] (Assignment2.aux)

LaTeX Warning: There were multiply-defined labels.

 ) 
Here is how much of TeX's memory you used:
 37006 strings out of 493305
 837674 string characters out of 3126321
 846114 words of memory out of 3000000
 40002 multiletter control sequences out of 15000+200000
 552217 words of font info for 78 fonts, out of 3000000 for 9000
 1141 hyphenation exceptions out of 8191
 55i,10n,80p,1650b,1048s stack positions out of 5000i,500n,10000p,200000b,50000s
 <C:\Users\Miriam Wagner\AppData\Local\MiKTeX\2.9\fonts\pk\ljfour\public\math
abx\dpi600\matha10.pk> <C:\Users\Miriam Wagner\AppData\Local\MiKTeX\2.9\fonts\p
k\ljfour\jknappen\ec\dpi600\tcrm1000.pk> <C:\Users\Miriam Wagner\AppData\Local\
MiKTeX\2.9\fonts\pk\ljfour\jknappen\ec\dpi600\ecrm0900.pk> <C:\Users\Miriam Wag
ner\AppData\Local\MiKTeX\2.9\fonts\pk\ljfour\jknappen\ec\dpi600\ecbx1000.pk> <C
:\Users\Miriam Wagner\AppData\Local\MiKTeX\2.9\fonts\pk\ljfour\jknappen\ec\dpi6
00\ecbx1200.pk> <C:\Users\Miriam Wagner\AppData\Local\MiKTeX\2.9\fonts\pk\ljfou
r\jknappen\ec\dpi600\ecrm1000.pk> <C:\Users\Miriam Wagner\AppData\Local\MiKTeX\
2.9\fonts\pk\ljfour\jknappen\ec\dpi600\ecbx1440.pk> <C:\Users\Miriam Wagner\App
Data\Local\MiKTeX\2.9\fonts\pk\ljfour\jknappen\ec\dpi600\ecrm1200.pk> <C:\Users
\Miriam Wagner\AppData\Local\MiKTeX\2.9\fonts\pk\ljfour\jknappen\ec\dpi600\ecrm
1728.pk><C:/Users/Miriam Wagner/AppData/Local/Programs/MiKTeX 2.9/fonts/type1/p
ublic/amsfonts/cm/cmmi10.pfb><C:/Users/Miriam Wagner/AppData/Local/Programs/MiK
TeX 2.9/fonts/type1/public/amsfonts/cm/cmr10.pfb><C:/Users/Miriam Wagner/AppDat
a/Local/Programs/MiKTeX 2.9/fonts/type1/public/amsfonts/cm/cmr7.pfb>
Output written on Assignment2.pdf (17 pages, 4111566 bytes).
PDF statistics:
 492 PDF objects out of 1000 (max. 8388607)
 0 named destinations out of 1000 (max. 500000)
 298 words of extra memory for PDF output out of 10000 (max. 10000000)

